Performing C SOURCE FILE Test OpenMP_FLAG_DETECTED failed with the following output:
Change Dir: /Users/danielsampetethiyagu/github/RL_CS687/cpp_source_v3/cmake-build-debug/CMakeFiles/CMakeTmp

Run Build Command:"/usr/bin/make" "cmTC_08505/fast"
/Applications/Xcode.app/Contents/Developer/usr/bin/make -f CMakeFiles/cmTC_08505.dir/build.make CMakeFiles/cmTC_08505.dir/build
Building C object CMakeFiles/cmTC_08505.dir/src.c.o
/Applications/Xcode.app/Contents/Developer/Toolchains/XcodeDefault.xctoolchain/usr/bin/cc   -DOpenMP_FLAG_DETECTED -isysroot /Applications/Xcode.app/Contents/Developer/Platforms/MacOSX.platform/Developer/SDKs/MacOSX10.12.sdk   -o CMakeFiles/cmTC_08505.dir/src.c.o   -c /Users/danielsampetethiyagu/github/RL_CS687/cpp_source_v3/cmake-build-debug/CMakeFiles/CMakeTmp/src.c
/Users/danielsampetethiyagu/github/RL_CS687/cpp_source_v3/cmake-build-debug/CMakeFiles/CMakeTmp/src.c:2:10: fatal error: 'omp.h' file not found
#include <omp.h>
         ^
1 error generated.
make[1]: *** [CMakeFiles/cmTC_08505.dir/src.c.o] Error 1
make: *** [cmTC_08505/fast] Error 2

Source file was:

#include <omp.h>
int main() {
#ifdef _OPENMP
  return 0;
#else
  breaks_on_purpose
#endif
}

Performing C SOURCE FILE Test OpenMP_FLAG_DETECTED failed with the following output:
Change Dir: /Users/danielsampetethiyagu/github/RL_CS687/cpp_source_v3/cmake-build-debug/CMakeFiles/CMakeTmp

Run Build Command:"/usr/bin/make" "cmTC_1540a/fast"
/Applications/Xcode.app/Contents/Developer/usr/bin/make -f CMakeFiles/cmTC_1540a.dir/build.make CMakeFiles/cmTC_1540a.dir/build
Building C object CMakeFiles/cmTC_1540a.dir/src.c.o
/Applications/Xcode.app/Contents/Developer/Toolchains/XcodeDefault.xctoolchain/usr/bin/cc   -DOpenMP_FLAG_DETECTED -fopenmp -isysroot /Applications/Xcode.app/Contents/Developer/Platforms/MacOSX.platform/Developer/SDKs/MacOSX10.12.sdk   -o CMakeFiles/cmTC_1540a.dir/src.c.o   -c /Users/danielsampetethiyagu/github/RL_CS687/cpp_source_v3/cmake-build-debug/CMakeFiles/CMakeTmp/src.c
clang: error: unsupported option '-fopenmp'
make[1]: *** [CMakeFiles/cmTC_1540a.dir/src.c.o] Error 1
make: *** [cmTC_1540a/fast] Error 2

Source file was:

#include <omp.h>
int main() {
#ifdef _OPENMP
  return 0;
#else
  breaks_on_purpose
#endif
}

Performing C SOURCE FILE Test OpenMP_FLAG_DETECTED failed with the following output:
Change Dir: /Users/danielsampetethiyagu/github/RL_CS687/cpp_source_v3/cmake-build-debug/CMakeFiles/CMakeTmp

Run Build Command:"/usr/bin/make" "cmTC_aa8be/fast"
/Applications/Xcode.app/Contents/Developer/usr/bin/make -f CMakeFiles/cmTC_aa8be.dir/build.make CMakeFiles/cmTC_aa8be.dir/build
Building C object CMakeFiles/cmTC_aa8be.dir/src.c.o
/Applications/Xcode.app/Contents/Developer/Toolchains/XcodeDefault.xctoolchain/usr/bin/cc   -DOpenMP_FLAG_DETECTED -fopenmp=libomp -isysroot /Applications/Xcode.app/Contents/Developer/Platforms/MacOSX.platform/Developer/SDKs/MacOSX10.12.sdk   -o CMakeFiles/cmTC_aa8be.dir/src.c.o   -c /Users/danielsampetethiyagu/github/RL_CS687/cpp_source_v3/cmake-build-debug/CMakeFiles/CMakeTmp/src.c
clang: error: unsupported argument 'libomp' to option 'fopenmp='
make[1]: *** [CMakeFiles/cmTC_aa8be.dir/src.c.o] Error 1
make: *** [cmTC_aa8be/fast] Error 2

Source file was:

#include <omp.h>
int main() {
#ifdef _OPENMP
  return 0;
#else
  breaks_on_purpose
#endif
}

Performing C SOURCE FILE Test OpenMP_FLAG_DETECTED failed with the following output:
Change Dir: /Users/danielsampetethiyagu/github/RL_CS687/cpp_source_v3/cmake-build-debug/CMakeFiles/CMakeTmp

Run Build Command:"/usr/bin/make" "cmTC_861d6/fast"
/Applications/Xcode.app/Contents/Developer/usr/bin/make -f CMakeFiles/cmTC_861d6.dir/build.make CMakeFiles/cmTC_861d6.dir/build
Building C object CMakeFiles/cmTC_861d6.dir/src.c.o
/Applications/Xcode.app/Contents/Developer/Toolchains/XcodeDefault.xctoolchain/usr/bin/cc   -DOpenMP_FLAG_DETECTED /openmp -isysroot /Applications/Xcode.app/Contents/Developer/Platforms/MacOSX.platform/Developer/SDKs/MacOSX10.12.sdk   -o CMakeFiles/cmTC_861d6.dir/src.c.o   -c /Users/danielsampetethiyagu/github/RL_CS687/cpp_source_v3/cmake-build-debug/CMakeFiles/CMakeTmp/src.c
clang: error: no such file or directory: '/openmp'
make[1]: *** [CMakeFiles/cmTC_861d6.dir/src.c.o] Error 1
make: *** [cmTC_861d6/fast] Error 2

Source file was:

#include <omp.h>
int main() {
#ifdef _OPENMP
  return 0;
#else
  breaks_on_purpose
#endif
}

Performing C SOURCE FILE Test OpenMP_FLAG_DETECTED failed with the following output:
Change Dir: /Users/danielsampetethiyagu/github/RL_CS687/cpp_source_v3/cmake-build-debug/CMakeFiles/CMakeTmp

Run Build Command:"/usr/bin/make" "cmTC_5debf/fast"
/Applications/Xcode.app/Contents/Developer/usr/bin/make -f CMakeFiles/cmTC_5debf.dir/build.make CMakeFiles/cmTC_5debf.dir/build
Building C object CMakeFiles/cmTC_5debf.dir/src.c.o
/Applications/Xcode.app/Contents/Developer/Toolchains/XcodeDefault.xctoolchain/usr/bin/cc   -DOpenMP_FLAG_DETECTED -Qopenmp -isysroot /Applications/Xcode.app/Contents/Developer/Platforms/MacOSX.platform/Developer/SDKs/MacOSX10.12.sdk   -o CMakeFiles/cmTC_5debf.dir/src.c.o   -c /Users/danielsampetethiyagu/github/RL_CS687/cpp_source_v3/cmake-build-debug/CMakeFiles/CMakeTmp/src.c
clang: error: unknown argument: '-Qopenmp'
make[1]: *** [CMakeFiles/cmTC_5debf.dir/src.c.o] Error 1
make: *** [cmTC_5debf/fast] Error 2

Source file was:

#include <omp.h>
int main() {
#ifdef _OPENMP
  return 0;
#else
  breaks_on_purpose
#endif
}

Performing C SOURCE FILE Test OpenMP_FLAG_DETECTED failed with the following output:
Change Dir: /Users/danielsampetethiyagu/github/RL_CS687/cpp_source_v3/cmake-build-debug/CMakeFiles/CMakeTmp

Run Build Command:"/usr/bin/make" "cmTC_2a023/fast"
/Applications/Xcode.app/Contents/Developer/usr/bin/make -f CMakeFiles/cmTC_2a023.dir/build.make CMakeFiles/cmTC_2a023.dir/build
Building C object CMakeFiles/cmTC_2a023.dir/src.c.o
/Applications/Xcode.app/Contents/Developer/Toolchains/XcodeDefault.xctoolchain/usr/bin/cc   -DOpenMP_FLAG_DETECTED -openmp -isysroot /Applications/Xcode.app/Contents/Developer/Platforms/MacOSX.platform/Developer/SDKs/MacOSX10.12.sdk   -o CMakeFiles/cmTC_2a023.dir/src.c.o   -c /Users/danielsampetethiyagu/github/RL_CS687/cpp_source_v3/cmake-build-debug/CMakeFiles/CMakeTmp/src.c
/Users/danielsampetethiyagu/github/RL_CS687/cpp_source_v3/cmake-build-debug/CMakeFiles/CMakeTmp/src.c:2:10: fatal error: 'omp.h' file not found
#include <omp.h>
         ^
1 error generated.
make[1]: *** [CMakeFiles/cmTC_2a023.dir/src.c.o] Error 1
make: *** [cmTC_2a023/fast] Error 2

Source file was:

#include <omp.h>
int main() {
#ifdef _OPENMP
  return 0;
#else
  breaks_on_purpose
#endif
}

Performing C SOURCE FILE Test OpenMP_FLAG_DETECTED failed with the following output:
Change Dir: /Users/danielsampetethiyagu/github/RL_CS687/cpp_source_v3/cmake-build-debug/CMakeFiles/CMakeTmp

Run Build Command:"/usr/bin/make" "cmTC_095e4/fast"
/Applications/Xcode.app/Contents/Developer/usr/bin/make -f CMakeFiles/cmTC_095e4.dir/build.make CMakeFiles/cmTC_095e4.dir/build
Building C object CMakeFiles/cmTC_095e4.dir/src.c.o
/Applications/Xcode.app/Contents/Developer/Toolchains/XcodeDefault.xctoolchain/usr/bin/cc   -DOpenMP_FLAG_DETECTED -xopenmp -isysroot /Applications/Xcode.app/Contents/Developer/Platforms/MacOSX.platform/Developer/SDKs/MacOSX10.12.sdk   -o CMakeFiles/cmTC_095e4.dir/src.c.o   -c /Users/danielsampetethiyagu/github/RL_CS687/cpp_source_v3/cmake-build-debug/CMakeFiles/CMakeTmp/src.c
clang: error: language not recognized: 'openmp'
clang: warning: /Users/danielsampetethiyagu/github/RL_CS687/cpp_source_v3/cmake-build-debug/CMakeFiles/CMakeTmp/src.c: 'linker' input unused [-Wunused-command-line-argument]
make[1]: *** [CMakeFiles/cmTC_095e4.dir/src.c.o] Error 1
make: *** [cmTC_095e4/fast] Error 2

Source file was:

#include <omp.h>
int main() {
#ifdef _OPENMP
  return 0;
#else
  breaks_on_purpose
#endif
}

Performing C SOURCE FILE Test OpenMP_FLAG_DETECTED failed with the following output:
Change Dir: /Users/danielsampetethiyagu/github/RL_CS687/cpp_source_v3/cmake-build-debug/CMakeFiles/CMakeTmp

Run Build Command:"/usr/bin/make" "cmTC_f5e43/fast"
/Applications/Xcode.app/Contents/Developer/usr/bin/make -f CMakeFiles/cmTC_f5e43.dir/build.make CMakeFiles/cmTC_f5e43.dir/build
Building C object CMakeFiles/cmTC_f5e43.dir/src.c.o
/Applications/Xcode.app/Contents/Developer/Toolchains/XcodeDefault.xctoolchain/usr/bin/cc   -DOpenMP_FLAG_DETECTED +Oopenmp -isysroot /Applications/Xcode.app/Contents/Developer/Platforms/MacOSX.platform/Developer/SDKs/MacOSX10.12.sdk   -o CMakeFiles/cmTC_f5e43.dir/src.c.o   -c /Users/danielsampetethiyagu/github/RL_CS687/cpp_source_v3/cmake-build-debug/CMakeFiles/CMakeTmp/src.c
clang: error: no such file or directory: '+Oopenmp'
make[1]: *** [CMakeFiles/cmTC_f5e43.dir/src.c.o] Error 1
make: *** [cmTC_f5e43/fast] Error 2

Source file was:

#include <omp.h>
int main() {
#ifdef _OPENMP
  return 0;
#else
  breaks_on_purpose
#endif
}

Performing C SOURCE FILE Test OpenMP_FLAG_DETECTED failed with the following output:
Change Dir: /Users/danielsampetethiyagu/github/RL_CS687/cpp_source_v3/cmake-build-debug/CMakeFiles/CMakeTmp

Run Build Command:"/usr/bin/make" "cmTC_ad9f1/fast"
/Applications/Xcode.app/Contents/Developer/usr/bin/make -f CMakeFiles/cmTC_ad9f1.dir/build.make CMakeFiles/cmTC_ad9f1.dir/build
Building C object CMakeFiles/cmTC_ad9f1.dir/src.c.o
/Applications/Xcode.app/Contents/Developer/Toolchains/XcodeDefault.xctoolchain/usr/bin/cc   -DOpenMP_FLAG_DETECTED -qsmp -isysroot /Applications/Xcode.app/Contents/Developer/Platforms/MacOSX.platform/Developer/SDKs/MacOSX10.12.sdk   -o CMakeFiles/cmTC_ad9f1.dir/src.c.o   -c /Users/danielsampetethiyagu/github/RL_CS687/cpp_source_v3/cmake-build-debug/CMakeFiles/CMakeTmp/src.c
clang: error: unknown argument: '-qsmp'
make[1]: *** [CMakeFiles/cmTC_ad9f1.dir/src.c.o] Error 1
make: *** [cmTC_ad9f1/fast] Error 2

Source file was:

#include <omp.h>
int main() {
#ifdef _OPENMP
  return 0;
#else
  breaks_on_purpose
#endif
}

Performing C SOURCE FILE Test OpenMP_FLAG_DETECTED failed with the following output:
Change Dir: /Users/danielsampetethiyagu/github/RL_CS687/cpp_source_v3/cmake-build-debug/CMakeFiles/CMakeTmp

Run Build Command:"/usr/bin/make" "cmTC_3b88a/fast"
/Applications/Xcode.app/Contents/Developer/usr/bin/make -f CMakeFiles/cmTC_3b88a.dir/build.make CMakeFiles/cmTC_3b88a.dir/build
Building C object CMakeFiles/cmTC_3b88a.dir/src.c.o
/Applications/Xcode.app/Contents/Developer/Toolchains/XcodeDefault.xctoolchain/usr/bin/cc   -DOpenMP_FLAG_DETECTED -mp -isysroot /Applications/Xcode.app/Contents/Developer/Platforms/MacOSX.platform/Developer/SDKs/MacOSX10.12.sdk   -o CMakeFiles/cmTC_3b88a.dir/src.c.o   -c /Users/danielsampetethiyagu/github/RL_CS687/cpp_source_v3/cmake-build-debug/CMakeFiles/CMakeTmp/src.c
clang: error: unknown argument: '-mp'
make[1]: *** [CMakeFiles/cmTC_3b88a.dir/src.c.o] Error 1
make: *** [cmTC_3b88a/fast] Error 2

Source file was:

#include <omp.h>
int main() {
#ifdef _OPENMP
  return 0;
#else
  breaks_on_purpose
#endif
}

Performing C++ SOURCE FILE Test OpenMP_FLAG_DETECTED failed with the following output:
Change Dir: /Users/danielsampetethiyagu/github/RL_CS687/cpp_source_v3/cmake-build-debug/CMakeFiles/CMakeTmp

Run Build Command:"/usr/bin/make" "cmTC_8e25b/fast"
/Applications/Xcode.app/Contents/Developer/usr/bin/make -f CMakeFiles/cmTC_8e25b.dir/build.make CMakeFiles/cmTC_8e25b.dir/build
Building CXX object CMakeFiles/cmTC_8e25b.dir/src.cxx.o
/Applications/Xcode.app/Contents/Developer/Toolchains/XcodeDefault.xctoolchain/usr/bin/c++    -DOpenMP_FLAG_DETECTED -isysroot /Applications/Xcode.app/Contents/Developer/Platforms/MacOSX.platform/Developer/SDKs/MacOSX10.12.sdk   -o CMakeFiles/cmTC_8e25b.dir/src.cxx.o -c /Users/danielsampetethiyagu/github/RL_CS687/cpp_source_v3/cmake-build-debug/CMakeFiles/CMakeTmp/src.cxx
/Users/danielsampetethiyagu/github/RL_CS687/cpp_source_v3/cmake-build-debug/CMakeFiles/CMakeTmp/src.cxx:2:10: fatal error: 'omp.h' file not found
#include <omp.h>
         ^
1 error generated.
make[1]: *** [CMakeFiles/cmTC_8e25b.dir/src.cxx.o] Error 1
make: *** [cmTC_8e25b/fast] Error 2

Source file was:

#include <omp.h>
int main() {
#ifdef _OPENMP
  return 0;
#else
  breaks_on_purpose
#endif
}

Performing C++ SOURCE FILE Test OpenMP_FLAG_DETECTED failed with the following output:
Change Dir: /Users/danielsampetethiyagu/github/RL_CS687/cpp_source_v3/cmake-build-debug/CMakeFiles/CMakeTmp

Run Build Command:"/usr/bin/make" "cmTC_0bcfb/fast"
/Applications/Xcode.app/Contents/Developer/usr/bin/make -f CMakeFiles/cmTC_0bcfb.dir/build.make CMakeFiles/cmTC_0bcfb.dir/build
Building CXX object CMakeFiles/cmTC_0bcfb.dir/src.cxx.o
/Applications/Xcode.app/Contents/Developer/Toolchains/XcodeDefault.xctoolchain/usr/bin/c++    -DOpenMP_FLAG_DETECTED -fopenmp -isysroot /Applications/Xcode.app/Contents/Developer/Platforms/MacOSX.platform/Developer/SDKs/MacOSX10.12.sdk   -o CMakeFiles/cmTC_0bcfb.dir/src.cxx.o -c /Users/danielsampetethiyagu/github/RL_CS687/cpp_source_v3/cmake-build-debug/CMakeFiles/CMakeTmp/src.cxx
clang: error: unsupported option '-fopenmp'
make[1]: *** [CMakeFiles/cmTC_0bcfb.dir/src.cxx.o] Error 1
make: *** [cmTC_0bcfb/fast] Error 2

Source file was:

#include <omp.h>
int main() {
#ifdef _OPENMP
  return 0;
#else
  breaks_on_purpose
#endif
}

Performing C++ SOURCE FILE Test OpenMP_FLAG_DETECTED failed with the following output:
Change Dir: /Users/danielsampetethiyagu/github/RL_CS687/cpp_source_v3/cmake-build-debug/CMakeFiles/CMakeTmp

Run Build Command:"/usr/bin/make" "cmTC_d35c8/fast"
/Applications/Xcode.app/Contents/Developer/usr/bin/make -f CMakeFiles/cmTC_d35c8.dir/build.make CMakeFiles/cmTC_d35c8.dir/build
Building CXX object CMakeFiles/cmTC_d35c8.dir/src.cxx.o
/Applications/Xcode.app/Contents/Developer/Toolchains/XcodeDefault.xctoolchain/usr/bin/c++    -DOpenMP_FLAG_DETECTED -fopenmp=libomp -isysroot /Applications/Xcode.app/Contents/Developer/Platforms/MacOSX.platform/Developer/SDKs/MacOSX10.12.sdk   -o CMakeFiles/cmTC_d35c8.dir/src.cxx.o -c /Users/danielsampetethiyagu/github/RL_CS687/cpp_source_v3/cmake-build-debug/CMakeFiles/CMakeTmp/src.cxx
clang: error: unsupported argument 'libomp' to option 'fopenmp='
make[1]: *** [CMakeFiles/cmTC_d35c8.dir/src.cxx.o] Error 1
make: *** [cmTC_d35c8/fast] Error 2

Source file was:

#include <omp.h>
int main() {
#ifdef _OPENMP
  return 0;
#else
  breaks_on_purpose
#endif
}

Performing C++ SOURCE FILE Test OpenMP_FLAG_DETECTED failed with the following output:
Change Dir: /Users/danielsampetethiyagu/github/RL_CS687/cpp_source_v3/cmake-build-debug/CMakeFiles/CMakeTmp

Run Build Command:"/usr/bin/make" "cmTC_d7944/fast"
/Applications/Xcode.app/Contents/Developer/usr/bin/make -f CMakeFiles/cmTC_d7944.dir/build.make CMakeFiles/cmTC_d7944.dir/build
Building CXX object CMakeFiles/cmTC_d7944.dir/src.cxx.o
/Applications/Xcode.app/Contents/Developer/Toolchains/XcodeDefault.xctoolchain/usr/bin/c++    -DOpenMP_FLAG_DETECTED /openmp -isysroot /Applications/Xcode.app/Contents/Developer/Platforms/MacOSX.platform/Developer/SDKs/MacOSX10.12.sdk   -o CMakeFiles/cmTC_d7944.dir/src.cxx.o -c /Users/danielsampetethiyagu/github/RL_CS687/cpp_source_v3/cmake-build-debug/CMakeFiles/CMakeTmp/src.cxx
clang: error: no such file or directory: '/openmp'
make[1]: *** [CMakeFiles/cmTC_d7944.dir/src.cxx.o] Error 1
make: *** [cmTC_d7944/fast] Error 2

Source file was:

#include <omp.h>
int main() {
#ifdef _OPENMP
  return 0;
#else
  breaks_on_purpose
#endif
}

Performing C++ SOURCE FILE Test OpenMP_FLAG_DETECTED failed with the following output:
Change Dir: /Users/danielsampetethiyagu/github/RL_CS687/cpp_source_v3/cmake-build-debug/CMakeFiles/CMakeTmp

Run Build Command:"/usr/bin/make" "cmTC_5ccca/fast"
/Applications/Xcode.app/Contents/Developer/usr/bin/make -f CMakeFiles/cmTC_5ccca.dir/build.make CMakeFiles/cmTC_5ccca.dir/build
Building CXX object CMakeFiles/cmTC_5ccca.dir/src.cxx.o
/Applications/Xcode.app/Contents/Developer/Toolchains/XcodeDefault.xctoolchain/usr/bin/c++    -DOpenMP_FLAG_DETECTED -Qopenmp -isysroot /Applications/Xcode.app/Contents/Developer/Platforms/MacOSX.platform/Developer/SDKs/MacOSX10.12.sdk   -o CMakeFiles/cmTC_5ccca.dir/src.cxx.o -c /Users/danielsampetethiyagu/github/RL_CS687/cpp_source_v3/cmake-build-debug/CMakeFiles/CMakeTmp/src.cxx
clang: error: unknown argument: '-Qopenmp'
make[1]: *** [CMakeFiles/cmTC_5ccca.dir/src.cxx.o] Error 1
make: *** [cmTC_5ccca/fast] Error 2

Source file was:

#include <omp.h>
int main() {
#ifdef _OPENMP
  return 0;
#else
  breaks_on_purpose
#endif
}

Performing C++ SOURCE FILE Test OpenMP_FLAG_DETECTED failed with the following output:
Change Dir: /Users/danielsampetethiyagu/github/RL_CS687/cpp_source_v3/cmake-build-debug/CMakeFiles/CMakeTmp

Run Build Command:"/usr/bin/make" "cmTC_a1b6b/fast"
/Applications/Xcode.app/Contents/Developer/usr/bin/make -f CMakeFiles/cmTC_a1b6b.dir/build.make CMakeFiles/cmTC_a1b6b.dir/build
Building CXX object CMakeFiles/cmTC_a1b6b.dir/src.cxx.o
/Applications/Xcode.app/Contents/Developer/Toolchains/XcodeDefault.xctoolchain/usr/bin/c++    -DOpenMP_FLAG_DETECTED -openmp -isysroot /Applications/Xcode.app/Contents/Developer/Platforms/MacOSX.platform/Developer/SDKs/MacOSX10.12.sdk   -o CMakeFiles/cmTC_a1b6b.dir/src.cxx.o -c /Users/danielsampetethiyagu/github/RL_CS687/cpp_source_v3/cmake-build-debug/CMakeFiles/CMakeTmp/src.cxx
/Users/danielsampetethiyagu/github/RL_CS687/cpp_source_v3/cmake-build-debug/CMakeFiles/CMakeTmp/src.cxx:2:10: fatal error: 'omp.h' file not found
#include <omp.h>
         ^
1 error generated.
make[1]: *** [CMakeFiles/cmTC_a1b6b.dir/src.cxx.o] Error 1
make: *** [cmTC_a1b6b/fast] Error 2

Source file was:

#include <omp.h>
int main() {
#ifdef _OPENMP
  return 0;
#else
  breaks_on_purpose
#endif
}

Performing C++ SOURCE FILE Test OpenMP_FLAG_DETECTED failed with the following output:
Change Dir: /Users/danielsampetethiyagu/github/RL_CS687/cpp_source_v3/cmake-build-debug/CMakeFiles/CMakeTmp

Run Build Command:"/usr/bin/make" "cmTC_68ef6/fast"
/Applications/Xcode.app/Contents/Developer/usr/bin/make -f CMakeFiles/cmTC_68ef6.dir/build.make CMakeFiles/cmTC_68ef6.dir/build
Building CXX object CMakeFiles/cmTC_68ef6.dir/src.cxx.o
/Applications/Xcode.app/Contents/Developer/Toolchains/XcodeDefault.xctoolchain/usr/bin/c++    -DOpenMP_FLAG_DETECTED -xopenmp -isysroot /Applications/Xcode.app/Contents/Developer/Platforms/MacOSX.platform/Developer/SDKs/MacOSX10.12.sdk   -o CMakeFiles/cmTC_68ef6.dir/src.cxx.o -c /Users/danielsampetethiyagu/github/RL_CS687/cpp_source_v3/cmake-build-debug/CMakeFiles/CMakeTmp/src.cxx
clang: error: language not recognized: 'openmp'
clang: warning: /Users/danielsampetethiyagu/github/RL_CS687/cpp_source_v3/cmake-build-debug/CMakeFiles/CMakeTmp/src.cxx: 'linker' input unused [-Wunused-command-line-argument]
make[1]: *** [CMakeFiles/cmTC_68ef6.dir/src.cxx.o] Error 1
make: *** [cmTC_68ef6/fast] Error 2

Source file was:

#include <omp.h>
int main() {
#ifdef _OPENMP
  return 0;
#else
  breaks_on_purpose
#endif
}

Performing C++ SOURCE FILE Test OpenMP_FLAG_DETECTED failed with the following output:
Change Dir: /Users/danielsampetethiyagu/github/RL_CS687/cpp_source_v3/cmake-build-debug/CMakeFiles/CMakeTmp

Run Build Command:"/usr/bin/make" "cmTC_e9b2f/fast"
/Applications/Xcode.app/Contents/Developer/usr/bin/make -f CMakeFiles/cmTC_e9b2f.dir/build.make CMakeFiles/cmTC_e9b2f.dir/build
Building CXX object CMakeFiles/cmTC_e9b2f.dir/src.cxx.o
/Applications/Xcode.app/Contents/Developer/Toolchains/XcodeDefault.xctoolchain/usr/bin/c++    -DOpenMP_FLAG_DETECTED +Oopenmp -isysroot /Applications/Xcode.app/Contents/Developer/Platforms/MacOSX.platform/Developer/SDKs/MacOSX10.12.sdk   -o CMakeFiles/cmTC_e9b2f.dir/src.cxx.o -c /Users/danielsampetethiyagu/github/RL_CS687/cpp_source_v3/cmake-build-debug/CMakeFiles/CMakeTmp/src.cxx
clang: error: no such file or directory: '+Oopenmp'
make[1]: *** [CMakeFiles/cmTC_e9b2f.dir/src.cxx.o] Error 1
make: *** [cmTC_e9b2f/fast] Error 2

Source file was:

#include <omp.h>
int main() {
#ifdef _OPENMP
  return 0;
#else
  breaks_on_purpose
#endif
}

Performing C++ SOURCE FILE Test OpenMP_FLAG_DETECTED failed with the following output:
Change Dir: /Users/danielsampetethiyagu/github/RL_CS687/cpp_source_v3/cmake-build-debug/CMakeFiles/CMakeTmp

Run Build Command:"/usr/bin/make" "cmTC_640bf/fast"
/Applications/Xcode.app/Contents/Developer/usr/bin/make -f CMakeFiles/cmTC_640bf.dir/build.make CMakeFiles/cmTC_640bf.dir/build
Building CXX object CMakeFiles/cmTC_640bf.dir/src.cxx.o
/Applications/Xcode.app/Contents/Developer/Toolchains/XcodeDefault.xctoolchain/usr/bin/c++    -DOpenMP_FLAG_DETECTED -qsmp -isysroot /Applications/Xcode.app/Contents/Developer/Platforms/MacOSX.platform/Developer/SDKs/MacOSX10.12.sdk   -o CMakeFiles/cmTC_640bf.dir/src.cxx.o -c /Users/danielsampetethiyagu/github/RL_CS687/cpp_source_v3/cmake-build-debug/CMakeFiles/CMakeTmp/src.cxx
clang: error: unknown argument: '-qsmp'
make[1]: *** [CMakeFiles/cmTC_640bf.dir/src.cxx.o] Error 1
make: *** [cmTC_640bf/fast] Error 2

Source file was:

#include <omp.h>
int main() {
#ifdef _OPENMP
  return 0;
#else
  breaks_on_purpose
#endif
}

Performing C++ SOURCE FILE Test OpenMP_FLAG_DETECTED failed with the following output:
Change Dir: /Users/danielsampetethiyagu/github/RL_CS687/cpp_source_v3/cmake-build-debug/CMakeFiles/CMakeTmp

Run Build Command:"/usr/bin/make" "cmTC_ce76c/fast"
/Applications/Xcode.app/Contents/Developer/usr/bin/make -f CMakeFiles/cmTC_ce76c.dir/build.make CMakeFiles/cmTC_ce76c.dir/build
Building CXX object CMakeFiles/cmTC_ce76c.dir/src.cxx.o
/Applications/Xcode.app/Contents/Developer/Toolchains/XcodeDefault.xctoolchain/usr/bin/c++    -DOpenMP_FLAG_DETECTED -mp -isysroot /Applications/Xcode.app/Contents/Developer/Platforms/MacOSX.platform/Developer/SDKs/MacOSX10.12.sdk   -o CMakeFiles/cmTC_ce76c.dir/src.cxx.o -c /Users/danielsampetethiyagu/github/RL_CS687/cpp_source_v3/cmake-build-debug/CMakeFiles/CMakeTmp/src.cxx
clang: error: unknown argument: '-mp'
make[1]: *** [CMakeFiles/cmTC_ce76c.dir/src.cxx.o] Error 1
make: *** [cmTC_ce76c/fast] Error 2

Source file was:

#include <omp.h>
int main() {
#ifdef _OPENMP
  return 0;
#else
  breaks_on_purpose
#endif
}

Performing C SOURCE FILE Test OpenMP_FLAG_DETECTED failed with the following output:
Change Dir: /Users/danielsampetethiyagu/github/RL_CS687/cpp_source_v3/cmake-build-debug/CMakeFiles/CMakeTmp

Run Build Command:"/usr/bin/make" "cmTC_02c94/fast"
/Applications/Xcode.app/Contents/Developer/usr/bin/make -f CMakeFiles/cmTC_02c94.dir/build.make CMakeFiles/cmTC_02c94.dir/build
Building C object CMakeFiles/cmTC_02c94.dir/src.c.o
/Applications/Xcode.app/Contents/Developer/Toolchains/XcodeDefault.xctoolchain/usr/bin/cc   -DOpenMP_FLAG_DETECTED -isysroot /Applications/Xcode.app/Contents/Developer/Platforms/MacOSX.platform/Developer/SDKs/MacOSX10.12.sdk   -o CMakeFiles/cmTC_02c94.dir/src.c.o   -c /Users/danielsampetethiyagu/github/RL_CS687/cpp_source_v3/cmake-build-debug/CMakeFiles/CMakeTmp/src.c
/Users/danielsampetethiyagu/github/RL_CS687/cpp_source_v3/cmake-build-debug/CMakeFiles/CMakeTmp/src.c:2:10: fatal error: 'omp.h' file not found
#include <omp.h>
         ^
1 error generated.
make[1]: *** [CMakeFiles/cmTC_02c94.dir/src.c.o] Error 1
make: *** [cmTC_02c94/fast] Error 2

Source file was:

#include <omp.h>
int main() {
#ifdef _OPENMP
  return 0;
#else
  breaks_on_purpose
#endif
}

Performing C SOURCE FILE Test OpenMP_FLAG_DETECTED failed with the following output:
Change Dir: /Users/danielsampetethiyagu/github/RL_CS687/cpp_source_v3/cmake-build-debug/CMakeFiles/CMakeTmp

Run Build Command:"/usr/bin/make" "cmTC_cb3b4/fast"
/Applications/Xcode.app/Contents/Developer/usr/bin/make -f CMakeFiles/cmTC_cb3b4.dir/build.make CMakeFiles/cmTC_cb3b4.dir/build
Building C object CMakeFiles/cmTC_cb3b4.dir/src.c.o
/Applications/Xcode.app/Contents/Developer/Toolchains/XcodeDefault.xctoolchain/usr/bin/cc   -DOpenMP_FLAG_DETECTED -fopenmp -isysroot /Applications/Xcode.app/Contents/Developer/Platforms/MacOSX.platform/Developer/SDKs/MacOSX10.12.sdk   -o CMakeFiles/cmTC_cb3b4.dir/src.c.o   -c /Users/danielsampetethiyagu/github/RL_CS687/cpp_source_v3/cmake-build-debug/CMakeFiles/CMakeTmp/src.c
clang: error: unsupported option '-fopenmp'
make[1]: *** [CMakeFiles/cmTC_cb3b4.dir/src.c.o] Error 1
make: *** [cmTC_cb3b4/fast] Error 2

Source file was:

#include <omp.h>
int main() {
#ifdef _OPENMP
  return 0;
#else
  breaks_on_purpose
#endif
}

Performing C SOURCE FILE Test OpenMP_FLAG_DETECTED failed with the following output:
Change Dir: /Users/danielsampetethiyagu/github/RL_CS687/cpp_source_v3/cmake-build-debug/CMakeFiles/CMakeTmp

Run Build Command:"/usr/bin/make" "cmTC_6e5ba/fast"
/Applications/Xcode.app/Contents/Developer/usr/bin/make -f CMakeFiles/cmTC_6e5ba.dir/build.make CMakeFiles/cmTC_6e5ba.dir/build
Building C object CMakeFiles/cmTC_6e5ba.dir/src.c.o
/Applications/Xcode.app/Contents/Developer/Toolchains/XcodeDefault.xctoolchain/usr/bin/cc   -DOpenMP_FLAG_DETECTED -fopenmp=libomp -isysroot /Applications/Xcode.app/Contents/Developer/Platforms/MacOSX.platform/Developer/SDKs/MacOSX10.12.sdk   -o CMakeFiles/cmTC_6e5ba.dir/src.c.o   -c /Users/danielsampetethiyagu/github/RL_CS687/cpp_source_v3/cmake-build-debug/CMakeFiles/CMakeTmp/src.c
clang: error: unsupported argument 'libomp' to option 'fopenmp='
make[1]: *** [CMakeFiles/cmTC_6e5ba.dir/src.c.o] Error 1
make: *** [cmTC_6e5ba/fast] Error 2

Source file was:

#include <omp.h>
int main() {
#ifdef _OPENMP
  return 0;
#else
  breaks_on_purpose
#endif
}

Performing C SOURCE FILE Test OpenMP_FLAG_DETECTED failed with the following output:
Change Dir: /Users/danielsampetethiyagu/github/RL_CS687/cpp_source_v3/cmake-build-debug/CMakeFiles/CMakeTmp

Run Build Command:"/usr/bin/make" "cmTC_b0331/fast"
/Applications/Xcode.app/Contents/Developer/usr/bin/make -f CMakeFiles/cmTC_b0331.dir/build.make CMakeFiles/cmTC_b0331.dir/build
Building C object CMakeFiles/cmTC_b0331.dir/src.c.o
/Applications/Xcode.app/Contents/Developer/Toolchains/XcodeDefault.xctoolchain/usr/bin/cc   -DOpenMP_FLAG_DETECTED /openmp -isysroot /Applications/Xcode.app/Contents/Developer/Platforms/MacOSX.platform/Developer/SDKs/MacOSX10.12.sdk   -o CMakeFiles/cmTC_b0331.dir/src.c.o   -c /Users/danielsampetethiyagu/github/RL_CS687/cpp_source_v3/cmake-build-debug/CMakeFiles/CMakeTmp/src.c
clang: error: no such file or directory: '/openmp'
make[1]: *** [CMakeFiles/cmTC_b0331.dir/src.c.o] Error 1
make: *** [cmTC_b0331/fast] Error 2

Source file was:

#include <omp.h>
int main() {
#ifdef _OPENMP
  return 0;
#else
  breaks_on_purpose
#endif
}

Performing C SOURCE FILE Test OpenMP_FLAG_DETECTED failed with the following output:
Change Dir: /Users/danielsampetethiyagu/github/RL_CS687/cpp_source_v3/cmake-build-debug/CMakeFiles/CMakeTmp

Run Build Command:"/usr/bin/make" "cmTC_d9d5d/fast"
/Applications/Xcode.app/Contents/Developer/usr/bin/make -f CMakeFiles/cmTC_d9d5d.dir/build.make CMakeFiles/cmTC_d9d5d.dir/build
Building C object CMakeFiles/cmTC_d9d5d.dir/src.c.o
/Applications/Xcode.app/Contents/Developer/Toolchains/XcodeDefault.xctoolchain/usr/bin/cc   -DOpenMP_FLAG_DETECTED -Qopenmp -isysroot /Applications/Xcode.app/Contents/Developer/Platforms/MacOSX.platform/Developer/SDKs/MacOSX10.12.sdk   -o CMakeFiles/cmTC_d9d5d.dir/src.c.o   -c /Users/danielsampetethiyagu/github/RL_CS687/cpp_source_v3/cmake-build-debug/CMakeFiles/CMakeTmp/src.c
clang: error: unknown argument: '-Qopenmp'
make[1]: *** [CMakeFiles/cmTC_d9d5d.dir/src.c.o] Error 1
make: *** [cmTC_d9d5d/fast] Error 2

Source file was:

#include <omp.h>
int main() {
#ifdef _OPENMP
  return 0;
#else
  breaks_on_purpose
#endif
}

Performing C SOURCE FILE Test OpenMP_FLAG_DETECTED failed with the following output:
Change Dir: /Users/danielsampetethiyagu/github/RL_CS687/cpp_source_v3/cmake-build-debug/CMakeFiles/CMakeTmp

Run Build Command:"/usr/bin/make" "cmTC_cdab9/fast"
/Applications/Xcode.app/Contents/Developer/usr/bin/make -f CMakeFiles/cmTC_cdab9.dir/build.make CMakeFiles/cmTC_cdab9.dir/build
Building C object CMakeFiles/cmTC_cdab9.dir/src.c.o
/Applications/Xcode.app/Contents/Developer/Toolchains/XcodeDefault.xctoolchain/usr/bin/cc   -DOpenMP_FLAG_DETECTED -openmp -isysroot /Applications/Xcode.app/Contents/Developer/Platforms/MacOSX.platform/Developer/SDKs/MacOSX10.12.sdk   -o CMakeFiles/cmTC_cdab9.dir/src.c.o   -c /Users/danielsampetethiyagu/github/RL_CS687/cpp_source_v3/cmake-build-debug/CMakeFiles/CMakeTmp/src.c
/Users/danielsampetethiyagu/github/RL_CS687/cpp_source_v3/cmake-build-debug/CMakeFiles/CMakeTmp/src.c:2:10: fatal error: 'omp.h' file not found
#include <omp.h>
         ^
1 error generated.
make[1]: *** [CMakeFiles/cmTC_cdab9.dir/src.c.o] Error 1
make: *** [cmTC_cdab9/fast] Error 2

Source file was:

#include <omp.h>
int main() {
#ifdef _OPENMP
  return 0;
#else
  breaks_on_purpose
#endif
}

Performing C SOURCE FILE Test OpenMP_FLAG_DETECTED failed with the following output:
Change Dir: /Users/danielsampetethiyagu/github/RL_CS687/cpp_source_v3/cmake-build-debug/CMakeFiles/CMakeTmp

Run Build Command:"/usr/bin/make" "cmTC_fe9dc/fast"
/Applications/Xcode.app/Contents/Developer/usr/bin/make -f CMakeFiles/cmTC_fe9dc.dir/build.make CMakeFiles/cmTC_fe9dc.dir/build
Building C object CMakeFiles/cmTC_fe9dc.dir/src.c.o
/Applications/Xcode.app/Contents/Developer/Toolchains/XcodeDefault.xctoolchain/usr/bin/cc   -DOpenMP_FLAG_DETECTED -xopenmp -isysroot /Applications/Xcode.app/Contents/Developer/Platforms/MacOSX.platform/Developer/SDKs/MacOSX10.12.sdk   -o CMakeFiles/cmTC_fe9dc.dir/src.c.o   -c /Users/danielsampetethiyagu/github/RL_CS687/cpp_source_v3/cmake-build-debug/CMakeFiles/CMakeTmp/src.c
clang: error: language not recognized: 'openmp'
clang: warning: /Users/danielsampetethiyagu/github/RL_CS687/cpp_source_v3/cmake-build-debug/CMakeFiles/CMakeTmp/src.c: 'linker' input unused [-Wunused-command-line-argument]
make[1]: *** [CMakeFiles/cmTC_fe9dc.dir/src.c.o] Error 1
make: *** [cmTC_fe9dc/fast] Error 2

Source file was:

#include <omp.h>
int main() {
#ifdef _OPENMP
  return 0;
#else
  breaks_on_purpose
#endif
}

Performing C SOURCE FILE Test OpenMP_FLAG_DETECTED failed with the following output:
Change Dir: /Users/danielsampetethiyagu/github/RL_CS687/cpp_source_v3/cmake-build-debug/CMakeFiles/CMakeTmp

Run Build Command:"/usr/bin/make" "cmTC_a8906/fast"
/Applications/Xcode.app/Contents/Developer/usr/bin/make -f CMakeFiles/cmTC_a8906.dir/build.make CMakeFiles/cmTC_a8906.dir/build
Building C object CMakeFiles/cmTC_a8906.dir/src.c.o
/Applications/Xcode.app/Contents/Developer/Toolchains/XcodeDefault.xctoolchain/usr/bin/cc   -DOpenMP_FLAG_DETECTED +Oopenmp -isysroot /Applications/Xcode.app/Contents/Developer/Platforms/MacOSX.platform/Developer/SDKs/MacOSX10.12.sdk   -o CMakeFiles/cmTC_a8906.dir/src.c.o   -c /Users/danielsampetethiyagu/github/RL_CS687/cpp_source_v3/cmake-build-debug/CMakeFiles/CMakeTmp/src.c
clang: error: no such file or directory: '+Oopenmp'
make[1]: *** [CMakeFiles/cmTC_a8906.dir/src.c.o] Error 1
make: *** [cmTC_a8906/fast] Error 2

Source file was:

#include <omp.h>
int main() {
#ifdef _OPENMP
  return 0;
#else
  breaks_on_purpose
#endif
}

Performing C SOURCE FILE Test OpenMP_FLAG_DETECTED failed with the following output:
Change Dir: /Users/danielsampetethiyagu/github/RL_CS687/cpp_source_v3/cmake-build-debug/CMakeFiles/CMakeTmp

Run Build Command:"/usr/bin/make" "cmTC_728b7/fast"
/Applications/Xcode.app/Contents/Developer/usr/bin/make -f CMakeFiles/cmTC_728b7.dir/build.make CMakeFiles/cmTC_728b7.dir/build
Building C object CMakeFiles/cmTC_728b7.dir/src.c.o
/Applications/Xcode.app/Contents/Developer/Toolchains/XcodeDefault.xctoolchain/usr/bin/cc   -DOpenMP_FLAG_DETECTED -qsmp -isysroot /Applications/Xcode.app/Contents/Developer/Platforms/MacOSX.platform/Developer/SDKs/MacOSX10.12.sdk   -o CMakeFiles/cmTC_728b7.dir/src.c.o   -c /Users/danielsampetethiyagu/github/RL_CS687/cpp_source_v3/cmake-build-debug/CMakeFiles/CMakeTmp/src.c
clang: error: unknown argument: '-qsmp'
make[1]: *** [CMakeFiles/cmTC_728b7.dir/src.c.o] Error 1
make: *** [cmTC_728b7/fast] Error 2

Source file was:

#include <omp.h>
int main() {
#ifdef _OPENMP
  return 0;
#else
  breaks_on_purpose
#endif
}

Performing C SOURCE FILE Test OpenMP_FLAG_DETECTED failed with the following output:
Change Dir: /Users/danielsampetethiyagu/github/RL_CS687/cpp_source_v3/cmake-build-debug/CMakeFiles/CMakeTmp

Run Build Command:"/usr/bin/make" "cmTC_8bf6c/fast"
/Applications/Xcode.app/Contents/Developer/usr/bin/make -f CMakeFiles/cmTC_8bf6c.dir/build.make CMakeFiles/cmTC_8bf6c.dir/build
Building C object CMakeFiles/cmTC_8bf6c.dir/src.c.o
/Applications/Xcode.app/Contents/Developer/Toolchains/XcodeDefault.xctoolchain/usr/bin/cc   -DOpenMP_FLAG_DETECTED -mp -isysroot /Applications/Xcode.app/Contents/Developer/Platforms/MacOSX.platform/Developer/SDKs/MacOSX10.12.sdk   -o CMakeFiles/cmTC_8bf6c.dir/src.c.o   -c /Users/danielsampetethiyagu/github/RL_CS687/cpp_source_v3/cmake-build-debug/CMakeFiles/CMakeTmp/src.c
clang: error: unknown argument: '-mp'
make[1]: *** [CMakeFiles/cmTC_8bf6c.dir/src.c.o] Error 1
make: *** [cmTC_8bf6c/fast] Error 2

Source file was:

#include <omp.h>
int main() {
#ifdef _OPENMP
  return 0;
#else
  breaks_on_purpose
#endif
}

Performing C++ SOURCE FILE Test OpenMP_FLAG_DETECTED failed with the following output:
Change Dir: /Users/danielsampetethiyagu/github/RL_CS687/cpp_source_v3/cmake-build-debug/CMakeFiles/CMakeTmp

Run Build Command:"/usr/bin/make" "cmTC_4393c/fast"
/Applications/Xcode.app/Contents/Developer/usr/bin/make -f CMakeFiles/cmTC_4393c.dir/build.make CMakeFiles/cmTC_4393c.dir/build
Building CXX object CMakeFiles/cmTC_4393c.dir/src.cxx.o
/Applications/Xcode.app/Contents/Developer/Toolchains/XcodeDefault.xctoolchain/usr/bin/c++    -DOpenMP_FLAG_DETECTED -isysroot /Applications/Xcode.app/Contents/Developer/Platforms/MacOSX.platform/Developer/SDKs/MacOSX10.12.sdk   -o CMakeFiles/cmTC_4393c.dir/src.cxx.o -c /Users/danielsampetethiyagu/github/RL_CS687/cpp_source_v3/cmake-build-debug/CMakeFiles/CMakeTmp/src.cxx
/Users/danielsampetethiyagu/github/RL_CS687/cpp_source_v3/cmake-build-debug/CMakeFiles/CMakeTmp/src.cxx:2:10: fatal error: 'omp.h' file not found
#include <omp.h>
         ^
1 error generated.
make[1]: *** [CMakeFiles/cmTC_4393c.dir/src.cxx.o] Error 1
make: *** [cmTC_4393c/fast] Error 2

Source file was:

#include <omp.h>
int main() {
#ifdef _OPENMP
  return 0;
#else
  breaks_on_purpose
#endif
}

Performing C++ SOURCE FILE Test OpenMP_FLAG_DETECTED failed with the following output:
Change Dir: /Users/danielsampetethiyagu/github/RL_CS687/cpp_source_v3/cmake-build-debug/CMakeFiles/CMakeTmp

Run Build Command:"/usr/bin/make" "cmTC_2c689/fast"
/Applications/Xcode.app/Contents/Developer/usr/bin/make -f CMakeFiles/cmTC_2c689.dir/build.make CMakeFiles/cmTC_2c689.dir/build
Building CXX object CMakeFiles/cmTC_2c689.dir/src.cxx.o
/Applications/Xcode.app/Contents/Developer/Toolchains/XcodeDefault.xctoolchain/usr/bin/c++    -DOpenMP_FLAG_DETECTED -fopenmp -isysroot /Applications/Xcode.app/Contents/Developer/Platforms/MacOSX.platform/Developer/SDKs/MacOSX10.12.sdk   -o CMakeFiles/cmTC_2c689.dir/src.cxx.o -c /Users/danielsampetethiyagu/github/RL_CS687/cpp_source_v3/cmake-build-debug/CMakeFiles/CMakeTmp/src.cxx
clang: error: unsupported option '-fopenmp'
make[1]: *** [CMakeFiles/cmTC_2c689.dir/src.cxx.o] Error 1
make: *** [cmTC_2c689/fast] Error 2

Source file was:

#include <omp.h>
int main() {
#ifdef _OPENMP
  return 0;
#else
  breaks_on_purpose
#endif
}

Performing C++ SOURCE FILE Test OpenMP_FLAG_DETECTED failed with the following output:
Change Dir: /Users/danielsampetethiyagu/github/RL_CS687/cpp_source_v3/cmake-build-debug/CMakeFiles/CMakeTmp

Run Build Command:"/usr/bin/make" "cmTC_686b6/fast"
/Applications/Xcode.app/Contents/Developer/usr/bin/make -f CMakeFiles/cmTC_686b6.dir/build.make CMakeFiles/cmTC_686b6.dir/build
Building CXX object CMakeFiles/cmTC_686b6.dir/src.cxx.o
/Applications/Xcode.app/Contents/Developer/Toolchains/XcodeDefault.xctoolchain/usr/bin/c++    -DOpenMP_FLAG_DETECTED -fopenmp=libomp -isysroot /Applications/Xcode.app/Contents/Developer/Platforms/MacOSX.platform/Developer/SDKs/MacOSX10.12.sdk   -o CMakeFiles/cmTC_686b6.dir/src.cxx.o -c /Users/danielsampetethiyagu/github/RL_CS687/cpp_source_v3/cmake-build-debug/CMakeFiles/CMakeTmp/src.cxx
clang: error: unsupported argument 'libomp' to option 'fopenmp='
make[1]: *** [CMakeFiles/cmTC_686b6.dir/src.cxx.o] Error 1
make: *** [cmTC_686b6/fast] Error 2

Source file was:

#include <omp.h>
int main() {
#ifdef _OPENMP
  return 0;
#else
  breaks_on_purpose
#endif
}

Performing C++ SOURCE FILE Test OpenMP_FLAG_DETECTED failed with the following output:
Change Dir: /Users/danielsampetethiyagu/github/RL_CS687/cpp_source_v3/cmake-build-debug/CMakeFiles/CMakeTmp

Run Build Command:"/usr/bin/make" "cmTC_3424b/fast"
/Applications/Xcode.app/Contents/Developer/usr/bin/make -f CMakeFiles/cmTC_3424b.dir/build.make CMakeFiles/cmTC_3424b.dir/build
Building CXX object CMakeFiles/cmTC_3424b.dir/src.cxx.o
/Applications/Xcode.app/Contents/Developer/Toolchains/XcodeDefault.xctoolchain/usr/bin/c++    -DOpenMP_FLAG_DETECTED /openmp -isysroot /Applications/Xcode.app/Contents/Developer/Platforms/MacOSX.platform/Developer/SDKs/MacOSX10.12.sdk   -o CMakeFiles/cmTC_3424b.dir/src.cxx.o -c /Users/danielsampetethiyagu/github/RL_CS687/cpp_source_v3/cmake-build-debug/CMakeFiles/CMakeTmp/src.cxx
clang: error: no such file or directory: '/openmp'
make[1]: *** [CMakeFiles/cmTC_3424b.dir/src.cxx.o] Error 1
make: *** [cmTC_3424b/fast] Error 2

Source file was:

#include <omp.h>
int main() {
#ifdef _OPENMP
  return 0;
#else
  breaks_on_purpose
#endif
}

Performing C++ SOURCE FILE Test OpenMP_FLAG_DETECTED failed with the following output:
Change Dir: /Users/danielsampetethiyagu/github/RL_CS687/cpp_source_v3/cmake-build-debug/CMakeFiles/CMakeTmp

Run Build Command:"/usr/bin/make" "cmTC_8987d/fast"
/Applications/Xcode.app/Contents/Developer/usr/bin/make -f CMakeFiles/cmTC_8987d.dir/build.make CMakeFiles/cmTC_8987d.dir/build
Building CXX object CMakeFiles/cmTC_8987d.dir/src.cxx.o
/Applications/Xcode.app/Contents/Developer/Toolchains/XcodeDefault.xctoolchain/usr/bin/c++    -DOpenMP_FLAG_DETECTED -Qopenmp -isysroot /Applications/Xcode.app/Contents/Developer/Platforms/MacOSX.platform/Developer/SDKs/MacOSX10.12.sdk   -o CMakeFiles/cmTC_8987d.dir/src.cxx.o -c /Users/danielsampetethiyagu/github/RL_CS687/cpp_source_v3/cmake-build-debug/CMakeFiles/CMakeTmp/src.cxx
clang: error: unknown argument: '-Qopenmp'
make[1]: *** [CMakeFiles/cmTC_8987d.dir/src.cxx.o] Error 1
make: *** [cmTC_8987d/fast] Error 2

Source file was:

#include <omp.h>
int main() {
#ifdef _OPENMP
  return 0;
#else
  breaks_on_purpose
#endif
}

Performing C++ SOURCE FILE Test OpenMP_FLAG_DETECTED failed with the following output:
Change Dir: /Users/danielsampetethiyagu/github/RL_CS687/cpp_source_v3/cmake-build-debug/CMakeFiles/CMakeTmp

Run Build Command:"/usr/bin/make" "cmTC_2bfbd/fast"
/Applications/Xcode.app/Contents/Developer/usr/bin/make -f CMakeFiles/cmTC_2bfbd.dir/build.make CMakeFiles/cmTC_2bfbd.dir/build
Building CXX object CMakeFiles/cmTC_2bfbd.dir/src.cxx.o
/Applications/Xcode.app/Contents/Developer/Toolchains/XcodeDefault.xctoolchain/usr/bin/c++    -DOpenMP_FLAG_DETECTED -openmp -isysroot /Applications/Xcode.app/Contents/Developer/Platforms/MacOSX.platform/Developer/SDKs/MacOSX10.12.sdk   -o CMakeFiles/cmTC_2bfbd.dir/src.cxx.o -c /Users/danielsampetethiyagu/github/RL_CS687/cpp_source_v3/cmake-build-debug/CMakeFiles/CMakeTmp/src.cxx
/Users/danielsampetethiyagu/github/RL_CS687/cpp_source_v3/cmake-build-debug/CMakeFiles/CMakeTmp/src.cxx:2:10: fatal error: 'omp.h' file not found
#include <omp.h>
         ^
1 error generated.
make[1]: *** [CMakeFiles/cmTC_2bfbd.dir/src.cxx.o] Error 1
make: *** [cmTC_2bfbd/fast] Error 2

Source file was:

#include <omp.h>
int main() {
#ifdef _OPENMP
  return 0;
#else
  breaks_on_purpose
#endif
}

Performing C++ SOURCE FILE Test OpenMP_FLAG_DETECTED failed with the following output:
Change Dir: /Users/danielsampetethiyagu/github/RL_CS687/cpp_source_v3/cmake-build-debug/CMakeFiles/CMakeTmp

Run Build Command:"/usr/bin/make" "cmTC_b7fd2/fast"
/Applications/Xcode.app/Contents/Developer/usr/bin/make -f CMakeFiles/cmTC_b7fd2.dir/build.make CMakeFiles/cmTC_b7fd2.dir/build
Building CXX object CMakeFiles/cmTC_b7fd2.dir/src.cxx.o
/Applications/Xcode.app/Contents/Developer/Toolchains/XcodeDefault.xctoolchain/usr/bin/c++    -DOpenMP_FLAG_DETECTED -xopenmp -isysroot /Applications/Xcode.app/Contents/Developer/Platforms/MacOSX.platform/Developer/SDKs/MacOSX10.12.sdk   -o CMakeFiles/cmTC_b7fd2.dir/src.cxx.o -c /Users/danielsampetethiyagu/github/RL_CS687/cpp_source_v3/cmake-build-debug/CMakeFiles/CMakeTmp/src.cxx
clang: error: language not recognized: 'openmp'
clang: warning: /Users/danielsampetethiyagu/github/RL_CS687/cpp_source_v3/cmake-build-debug/CMakeFiles/CMakeTmp/src.cxx: 'linker' input unused [-Wunused-command-line-argument]
make[1]: *** [CMakeFiles/cmTC_b7fd2.dir/src.cxx.o] Error 1
make: *** [cmTC_b7fd2/fast] Error 2

Source file was:

#include <omp.h>
int main() {
#ifdef _OPENMP
  return 0;
#else
  breaks_on_purpose
#endif
}

Performing C++ SOURCE FILE Test OpenMP_FLAG_DETECTED failed with the following output:
Change Dir: /Users/danielsampetethiyagu/github/RL_CS687/cpp_source_v3/cmake-build-debug/CMakeFiles/CMakeTmp

Run Build Command:"/usr/bin/make" "cmTC_a37bd/fast"
/Applications/Xcode.app/Contents/Developer/usr/bin/make -f CMakeFiles/cmTC_a37bd.dir/build.make CMakeFiles/cmTC_a37bd.dir/build
Building CXX object CMakeFiles/cmTC_a37bd.dir/src.cxx.o
/Applications/Xcode.app/Contents/Developer/Toolchains/XcodeDefault.xctoolchain/usr/bin/c++    -DOpenMP_FLAG_DETECTED +Oopenmp -isysroot /Applications/Xcode.app/Contents/Developer/Platforms/MacOSX.platform/Developer/SDKs/MacOSX10.12.sdk   -o CMakeFiles/cmTC_a37bd.dir/src.cxx.o -c /Users/danielsampetethiyagu/github/RL_CS687/cpp_source_v3/cmake-build-debug/CMakeFiles/CMakeTmp/src.cxx
clang: error: no such file or directory: '+Oopenmp'
make[1]: *** [CMakeFiles/cmTC_a37bd.dir/src.cxx.o] Error 1
make: *** [cmTC_a37bd/fast] Error 2

Source file was:

#include <omp.h>
int main() {
#ifdef _OPENMP
  return 0;
#else
  breaks_on_purpose
#endif
}

Performing C++ SOURCE FILE Test OpenMP_FLAG_DETECTED failed with the following output:
Change Dir: /Users/danielsampetethiyagu/github/RL_CS687/cpp_source_v3/cmake-build-debug/CMakeFiles/CMakeTmp

Run Build Command:"/usr/bin/make" "cmTC_a00ba/fast"
/Applications/Xcode.app/Contents/Developer/usr/bin/make -f CMakeFiles/cmTC_a00ba.dir/build.make CMakeFiles/cmTC_a00ba.dir/build
Building CXX object CMakeFiles/cmTC_a00ba.dir/src.cxx.o
/Applications/Xcode.app/Contents/Developer/Toolchains/XcodeDefault.xctoolchain/usr/bin/c++    -DOpenMP_FLAG_DETECTED -qsmp -isysroot /Applications/Xcode.app/Contents/Developer/Platforms/MacOSX.platform/Developer/SDKs/MacOSX10.12.sdk   -o CMakeFiles/cmTC_a00ba.dir/src.cxx.o -c /Users/danielsampetethiyagu/github/RL_CS687/cpp_source_v3/cmake-build-debug/CMakeFiles/CMakeTmp/src.cxx
clang: error: unknown argument: '-qsmp'
make[1]: *** [CMakeFiles/cmTC_a00ba.dir/src.cxx.o] Error 1
make: *** [cmTC_a00ba/fast] Error 2

Source file was:

#include <omp.h>
int main() {
#ifdef _OPENMP
  return 0;
#else
  breaks_on_purpose
#endif
}

Performing C++ SOURCE FILE Test OpenMP_FLAG_DETECTED failed with the following output:
Change Dir: /Users/danielsampetethiyagu/github/RL_CS687/cpp_source_v3/cmake-build-debug/CMakeFiles/CMakeTmp

Run Build Command:"/usr/bin/make" "cmTC_9a7a9/fast"
/Applications/Xcode.app/Contents/Developer/usr/bin/make -f CMakeFiles/cmTC_9a7a9.dir/build.make CMakeFiles/cmTC_9a7a9.dir/build
Building CXX object CMakeFiles/cmTC_9a7a9.dir/src.cxx.o
/Applications/Xcode.app/Contents/Developer/Toolchains/XcodeDefault.xctoolchain/usr/bin/c++    -DOpenMP_FLAG_DETECTED -mp -isysroot /Applications/Xcode.app/Contents/Developer/Platforms/MacOSX.platform/Developer/SDKs/MacOSX10.12.sdk   -o CMakeFiles/cmTC_9a7a9.dir/src.cxx.o -c /Users/danielsampetethiyagu/github/RL_CS687/cpp_source_v3/cmake-build-debug/CMakeFiles/CMakeTmp/src.cxx
clang: error: unknown argument: '-mp'
make[1]: *** [CMakeFiles/cmTC_9a7a9.dir/src.cxx.o] Error 1
make: *** [cmTC_9a7a9/fast] Error 2

Source file was:

#include <omp.h>
int main() {
#ifdef _OPENMP
  return 0;
#else
  breaks_on_purpose
#endif
}

