Performing C SOURCE FILE Test OpenMP_FLAG_DETECTED failed with the following output:
Change Dir: /Users/danielsampetethiyagu/github/RL_CS687/cpp_source_v3/build/Clion/cmake-build-debug/CMakeFiles/CMakeTmp

Run Build Command:"/usr/bin/make" "cmTC_276fd/fast"
/Applications/Xcode.app/Contents/Developer/usr/bin/make -f CMakeFiles/cmTC_276fd.dir/build.make CMakeFiles/cmTC_276fd.dir/build
Building C object CMakeFiles/cmTC_276fd.dir/src.c.o
/Applications/Xcode.app/Contents/Developer/Toolchains/XcodeDefault.xctoolchain/usr/bin/cc   -DOpenMP_FLAG_DETECTED -isysroot /Applications/Xcode.app/Contents/Developer/Platforms/MacOSX.platform/Developer/SDKs/MacOSX10.12.sdk   -o CMakeFiles/cmTC_276fd.dir/src.c.o   -c /Users/danielsampetethiyagu/github/RL_CS687/cpp_source_v3/build/Clion/cmake-build-debug/CMakeFiles/CMakeTmp/src.c
/Users/danielsampetethiyagu/github/RL_CS687/cpp_source_v3/build/Clion/cmake-build-debug/CMakeFiles/CMakeTmp/src.c:2:10: fatal error: 'omp.h' file not found
#include <omp.h>
         ^
1 error generated.
make[1]: *** [CMakeFiles/cmTC_276fd.dir/src.c.o] Error 1
make: *** [cmTC_276fd/fast] Error 2

Source file was:

#include <omp.h>
int main() {
#ifdef _OPENMP
  return 0;
#else
  breaks_on_purpose
#endif
}

Performing C SOURCE FILE Test OpenMP_FLAG_DETECTED failed with the following output:
Change Dir: /Users/danielsampetethiyagu/github/RL_CS687/cpp_source_v3/build/Clion/cmake-build-debug/CMakeFiles/CMakeTmp

Run Build Command:"/usr/bin/make" "cmTC_e745b/fast"
/Applications/Xcode.app/Contents/Developer/usr/bin/make -f CMakeFiles/cmTC_e745b.dir/build.make CMakeFiles/cmTC_e745b.dir/build
Building C object CMakeFiles/cmTC_e745b.dir/src.c.o
/Applications/Xcode.app/Contents/Developer/Toolchains/XcodeDefault.xctoolchain/usr/bin/cc   -DOpenMP_FLAG_DETECTED -fopenmp -isysroot /Applications/Xcode.app/Contents/Developer/Platforms/MacOSX.platform/Developer/SDKs/MacOSX10.12.sdk   -o CMakeFiles/cmTC_e745b.dir/src.c.o   -c /Users/danielsampetethiyagu/github/RL_CS687/cpp_source_v3/build/Clion/cmake-build-debug/CMakeFiles/CMakeTmp/src.c
clang: error: unsupported option '-fopenmp'
make[1]: *** [CMakeFiles/cmTC_e745b.dir/src.c.o] Error 1
make: *** [cmTC_e745b/fast] Error 2

Source file was:

#include <omp.h>
int main() {
#ifdef _OPENMP
  return 0;
#else
  breaks_on_purpose
#endif
}

Performing C SOURCE FILE Test OpenMP_FLAG_DETECTED failed with the following output:
Change Dir: /Users/danielsampetethiyagu/github/RL_CS687/cpp_source_v3/build/Clion/cmake-build-debug/CMakeFiles/CMakeTmp

Run Build Command:"/usr/bin/make" "cmTC_ac80e/fast"
/Applications/Xcode.app/Contents/Developer/usr/bin/make -f CMakeFiles/cmTC_ac80e.dir/build.make CMakeFiles/cmTC_ac80e.dir/build
Building C object CMakeFiles/cmTC_ac80e.dir/src.c.o
/Applications/Xcode.app/Contents/Developer/Toolchains/XcodeDefault.xctoolchain/usr/bin/cc   -DOpenMP_FLAG_DETECTED -fopenmp=libomp -isysroot /Applications/Xcode.app/Contents/Developer/Platforms/MacOSX.platform/Developer/SDKs/MacOSX10.12.sdk   -o CMakeFiles/cmTC_ac80e.dir/src.c.o   -c /Users/danielsampetethiyagu/github/RL_CS687/cpp_source_v3/build/Clion/cmake-build-debug/CMakeFiles/CMakeTmp/src.c
clang: error: unsupported argument 'libomp' to option 'fopenmp='
make[1]: *** [CMakeFiles/cmTC_ac80e.dir/src.c.o] Error 1
make: *** [cmTC_ac80e/fast] Error 2

Source file was:

#include <omp.h>
int main() {
#ifdef _OPENMP
  return 0;
#else
  breaks_on_purpose
#endif
}

Performing C SOURCE FILE Test OpenMP_FLAG_DETECTED failed with the following output:
Change Dir: /Users/danielsampetethiyagu/github/RL_CS687/cpp_source_v3/build/Clion/cmake-build-debug/CMakeFiles/CMakeTmp

Run Build Command:"/usr/bin/make" "cmTC_96881/fast"
/Applications/Xcode.app/Contents/Developer/usr/bin/make -f CMakeFiles/cmTC_96881.dir/build.make CMakeFiles/cmTC_96881.dir/build
Building C object CMakeFiles/cmTC_96881.dir/src.c.o
/Applications/Xcode.app/Contents/Developer/Toolchains/XcodeDefault.xctoolchain/usr/bin/cc   -DOpenMP_FLAG_DETECTED /openmp -isysroot /Applications/Xcode.app/Contents/Developer/Platforms/MacOSX.platform/Developer/SDKs/MacOSX10.12.sdk   -o CMakeFiles/cmTC_96881.dir/src.c.o   -c /Users/danielsampetethiyagu/github/RL_CS687/cpp_source_v3/build/Clion/cmake-build-debug/CMakeFiles/CMakeTmp/src.c
clang: error: no such file or directory: '/openmp'
make[1]: *** [CMakeFiles/cmTC_96881.dir/src.c.o] Error 1
make: *** [cmTC_96881/fast] Error 2

Source file was:

#include <omp.h>
int main() {
#ifdef _OPENMP
  return 0;
#else
  breaks_on_purpose
#endif
}

Performing C SOURCE FILE Test OpenMP_FLAG_DETECTED failed with the following output:
Change Dir: /Users/danielsampetethiyagu/github/RL_CS687/cpp_source_v3/build/Clion/cmake-build-debug/CMakeFiles/CMakeTmp

Run Build Command:"/usr/bin/make" "cmTC_0bc79/fast"
/Applications/Xcode.app/Contents/Developer/usr/bin/make -f CMakeFiles/cmTC_0bc79.dir/build.make CMakeFiles/cmTC_0bc79.dir/build
Building C object CMakeFiles/cmTC_0bc79.dir/src.c.o
/Applications/Xcode.app/Contents/Developer/Toolchains/XcodeDefault.xctoolchain/usr/bin/cc   -DOpenMP_FLAG_DETECTED -Qopenmp -isysroot /Applications/Xcode.app/Contents/Developer/Platforms/MacOSX.platform/Developer/SDKs/MacOSX10.12.sdk   -o CMakeFiles/cmTC_0bc79.dir/src.c.o   -c /Users/danielsampetethiyagu/github/RL_CS687/cpp_source_v3/build/Clion/cmake-build-debug/CMakeFiles/CMakeTmp/src.c
clang: error: unknown argument: '-Qopenmp'
make[1]: *** [CMakeFiles/cmTC_0bc79.dir/src.c.o] Error 1
make: *** [cmTC_0bc79/fast] Error 2

Source file was:

#include <omp.h>
int main() {
#ifdef _OPENMP
  return 0;
#else
  breaks_on_purpose
#endif
}

Performing C SOURCE FILE Test OpenMP_FLAG_DETECTED failed with the following output:
Change Dir: /Users/danielsampetethiyagu/github/RL_CS687/cpp_source_v3/build/Clion/cmake-build-debug/CMakeFiles/CMakeTmp

Run Build Command:"/usr/bin/make" "cmTC_81821/fast"
/Applications/Xcode.app/Contents/Developer/usr/bin/make -f CMakeFiles/cmTC_81821.dir/build.make CMakeFiles/cmTC_81821.dir/build
Building C object CMakeFiles/cmTC_81821.dir/src.c.o
/Applications/Xcode.app/Contents/Developer/Toolchains/XcodeDefault.xctoolchain/usr/bin/cc   -DOpenMP_FLAG_DETECTED -openmp -isysroot /Applications/Xcode.app/Contents/Developer/Platforms/MacOSX.platform/Developer/SDKs/MacOSX10.12.sdk   -o CMakeFiles/cmTC_81821.dir/src.c.o   -c /Users/danielsampetethiyagu/github/RL_CS687/cpp_source_v3/build/Clion/cmake-build-debug/CMakeFiles/CMakeTmp/src.c
/Users/danielsampetethiyagu/github/RL_CS687/cpp_source_v3/build/Clion/cmake-build-debug/CMakeFiles/CMakeTmp/src.c:2:10: fatal error: 'omp.h' file not found
#include <omp.h>
         ^
1 error generated.
make[1]: *** [CMakeFiles/cmTC_81821.dir/src.c.o] Error 1
make: *** [cmTC_81821/fast] Error 2

Source file was:

#include <omp.h>
int main() {
#ifdef _OPENMP
  return 0;
#else
  breaks_on_purpose
#endif
}

Performing C SOURCE FILE Test OpenMP_FLAG_DETECTED failed with the following output:
Change Dir: /Users/danielsampetethiyagu/github/RL_CS687/cpp_source_v3/build/Clion/cmake-build-debug/CMakeFiles/CMakeTmp

Run Build Command:"/usr/bin/make" "cmTC_35352/fast"
/Applications/Xcode.app/Contents/Developer/usr/bin/make -f CMakeFiles/cmTC_35352.dir/build.make CMakeFiles/cmTC_35352.dir/build
Building C object CMakeFiles/cmTC_35352.dir/src.c.o
/Applications/Xcode.app/Contents/Developer/Toolchains/XcodeDefault.xctoolchain/usr/bin/cc   -DOpenMP_FLAG_DETECTED -xopenmp -isysroot /Applications/Xcode.app/Contents/Developer/Platforms/MacOSX.platform/Developer/SDKs/MacOSX10.12.sdk   -o CMakeFiles/cmTC_35352.dir/src.c.o   -c /Users/danielsampetethiyagu/github/RL_CS687/cpp_source_v3/build/Clion/cmake-build-debug/CMakeFiles/CMakeTmp/src.c
clang: error: language not recognized: 'openmp'
clang: warning: /Users/danielsampetethiyagu/github/RL_CS687/cpp_source_v3/build/Clion/cmake-build-debug/CMakeFiles/CMakeTmp/src.c: 'linker' input unused [-Wunused-command-line-argument]
make[1]: *** [CMakeFiles/cmTC_35352.dir/src.c.o] Error 1
make: *** [cmTC_35352/fast] Error 2

Source file was:

#include <omp.h>
int main() {
#ifdef _OPENMP
  return 0;
#else
  breaks_on_purpose
#endif
}

Performing C SOURCE FILE Test OpenMP_FLAG_DETECTED failed with the following output:
Change Dir: /Users/danielsampetethiyagu/github/RL_CS687/cpp_source_v3/build/Clion/cmake-build-debug/CMakeFiles/CMakeTmp

Run Build Command:"/usr/bin/make" "cmTC_4beae/fast"
/Applications/Xcode.app/Contents/Developer/usr/bin/make -f CMakeFiles/cmTC_4beae.dir/build.make CMakeFiles/cmTC_4beae.dir/build
Building C object CMakeFiles/cmTC_4beae.dir/src.c.o
/Applications/Xcode.app/Contents/Developer/Toolchains/XcodeDefault.xctoolchain/usr/bin/cc   -DOpenMP_FLAG_DETECTED +Oopenmp -isysroot /Applications/Xcode.app/Contents/Developer/Platforms/MacOSX.platform/Developer/SDKs/MacOSX10.12.sdk   -o CMakeFiles/cmTC_4beae.dir/src.c.o   -c /Users/danielsampetethiyagu/github/RL_CS687/cpp_source_v3/build/Clion/cmake-build-debug/CMakeFiles/CMakeTmp/src.c
clang: error: no such file or directory: '+Oopenmp'
make[1]: *** [CMakeFiles/cmTC_4beae.dir/src.c.o] Error 1
make: *** [cmTC_4beae/fast] Error 2

Source file was:

#include <omp.h>
int main() {
#ifdef _OPENMP
  return 0;
#else
  breaks_on_purpose
#endif
}

Performing C SOURCE FILE Test OpenMP_FLAG_DETECTED failed with the following output:
Change Dir: /Users/danielsampetethiyagu/github/RL_CS687/cpp_source_v3/build/Clion/cmake-build-debug/CMakeFiles/CMakeTmp

Run Build Command:"/usr/bin/make" "cmTC_034be/fast"
/Applications/Xcode.app/Contents/Developer/usr/bin/make -f CMakeFiles/cmTC_034be.dir/build.make CMakeFiles/cmTC_034be.dir/build
Building C object CMakeFiles/cmTC_034be.dir/src.c.o
/Applications/Xcode.app/Contents/Developer/Toolchains/XcodeDefault.xctoolchain/usr/bin/cc   -DOpenMP_FLAG_DETECTED -qsmp -isysroot /Applications/Xcode.app/Contents/Developer/Platforms/MacOSX.platform/Developer/SDKs/MacOSX10.12.sdk   -o CMakeFiles/cmTC_034be.dir/src.c.o   -c /Users/danielsampetethiyagu/github/RL_CS687/cpp_source_v3/build/Clion/cmake-build-debug/CMakeFiles/CMakeTmp/src.c
clang: error: unknown argument: '-qsmp'
make[1]: *** [CMakeFiles/cmTC_034be.dir/src.c.o] Error 1
make: *** [cmTC_034be/fast] Error 2

Source file was:

#include <omp.h>
int main() {
#ifdef _OPENMP
  return 0;
#else
  breaks_on_purpose
#endif
}

Performing C SOURCE FILE Test OpenMP_FLAG_DETECTED failed with the following output:
Change Dir: /Users/danielsampetethiyagu/github/RL_CS687/cpp_source_v3/build/Clion/cmake-build-debug/CMakeFiles/CMakeTmp

Run Build Command:"/usr/bin/make" "cmTC_c0470/fast"
/Applications/Xcode.app/Contents/Developer/usr/bin/make -f CMakeFiles/cmTC_c0470.dir/build.make CMakeFiles/cmTC_c0470.dir/build
Building C object CMakeFiles/cmTC_c0470.dir/src.c.o
/Applications/Xcode.app/Contents/Developer/Toolchains/XcodeDefault.xctoolchain/usr/bin/cc   -DOpenMP_FLAG_DETECTED -mp -isysroot /Applications/Xcode.app/Contents/Developer/Platforms/MacOSX.platform/Developer/SDKs/MacOSX10.12.sdk   -o CMakeFiles/cmTC_c0470.dir/src.c.o   -c /Users/danielsampetethiyagu/github/RL_CS687/cpp_source_v3/build/Clion/cmake-build-debug/CMakeFiles/CMakeTmp/src.c
clang: error: unknown argument: '-mp'
make[1]: *** [CMakeFiles/cmTC_c0470.dir/src.c.o] Error 1
make: *** [cmTC_c0470/fast] Error 2

Source file was:

#include <omp.h>
int main() {
#ifdef _OPENMP
  return 0;
#else
  breaks_on_purpose
#endif
}

Performing C++ SOURCE FILE Test OpenMP_FLAG_DETECTED failed with the following output:
Change Dir: /Users/danielsampetethiyagu/github/RL_CS687/cpp_source_v3/build/Clion/cmake-build-debug/CMakeFiles/CMakeTmp

Run Build Command:"/usr/bin/make" "cmTC_aa328/fast"
/Applications/Xcode.app/Contents/Developer/usr/bin/make -f CMakeFiles/cmTC_aa328.dir/build.make CMakeFiles/cmTC_aa328.dir/build
Building CXX object CMakeFiles/cmTC_aa328.dir/src.cxx.o
/Applications/Xcode.app/Contents/Developer/Toolchains/XcodeDefault.xctoolchain/usr/bin/c++    -DOpenMP_FLAG_DETECTED -isysroot /Applications/Xcode.app/Contents/Developer/Platforms/MacOSX.platform/Developer/SDKs/MacOSX10.12.sdk   -o CMakeFiles/cmTC_aa328.dir/src.cxx.o -c /Users/danielsampetethiyagu/github/RL_CS687/cpp_source_v3/build/Clion/cmake-build-debug/CMakeFiles/CMakeTmp/src.cxx
/Users/danielsampetethiyagu/github/RL_CS687/cpp_source_v3/build/Clion/cmake-build-debug/CMakeFiles/CMakeTmp/src.cxx:2:10: fatal error: 'omp.h' file not found
#include <omp.h>
         ^
1 error generated.
make[1]: *** [CMakeFiles/cmTC_aa328.dir/src.cxx.o] Error 1
make: *** [cmTC_aa328/fast] Error 2

Source file was:

#include <omp.h>
int main() {
#ifdef _OPENMP
  return 0;
#else
  breaks_on_purpose
#endif
}

Performing C++ SOURCE FILE Test OpenMP_FLAG_DETECTED failed with the following output:
Change Dir: /Users/danielsampetethiyagu/github/RL_CS687/cpp_source_v3/build/Clion/cmake-build-debug/CMakeFiles/CMakeTmp

Run Build Command:"/usr/bin/make" "cmTC_17cf4/fast"
/Applications/Xcode.app/Contents/Developer/usr/bin/make -f CMakeFiles/cmTC_17cf4.dir/build.make CMakeFiles/cmTC_17cf4.dir/build
Building CXX object CMakeFiles/cmTC_17cf4.dir/src.cxx.o
/Applications/Xcode.app/Contents/Developer/Toolchains/XcodeDefault.xctoolchain/usr/bin/c++    -DOpenMP_FLAG_DETECTED -fopenmp -isysroot /Applications/Xcode.app/Contents/Developer/Platforms/MacOSX.platform/Developer/SDKs/MacOSX10.12.sdk   -o CMakeFiles/cmTC_17cf4.dir/src.cxx.o -c /Users/danielsampetethiyagu/github/RL_CS687/cpp_source_v3/build/Clion/cmake-build-debug/CMakeFiles/CMakeTmp/src.cxx
clang: error: unsupported option '-fopenmp'
make[1]: *** [CMakeFiles/cmTC_17cf4.dir/src.cxx.o] Error 1
make: *** [cmTC_17cf4/fast] Error 2

Source file was:

#include <omp.h>
int main() {
#ifdef _OPENMP
  return 0;
#else
  breaks_on_purpose
#endif
}

Performing C++ SOURCE FILE Test OpenMP_FLAG_DETECTED failed with the following output:
Change Dir: /Users/danielsampetethiyagu/github/RL_CS687/cpp_source_v3/build/Clion/cmake-build-debug/CMakeFiles/CMakeTmp

Run Build Command:"/usr/bin/make" "cmTC_4642d/fast"
/Applications/Xcode.app/Contents/Developer/usr/bin/make -f CMakeFiles/cmTC_4642d.dir/build.make CMakeFiles/cmTC_4642d.dir/build
Building CXX object CMakeFiles/cmTC_4642d.dir/src.cxx.o
/Applications/Xcode.app/Contents/Developer/Toolchains/XcodeDefault.xctoolchain/usr/bin/c++    -DOpenMP_FLAG_DETECTED -fopenmp=libomp -isysroot /Applications/Xcode.app/Contents/Developer/Platforms/MacOSX.platform/Developer/SDKs/MacOSX10.12.sdk   -o CMakeFiles/cmTC_4642d.dir/src.cxx.o -c /Users/danielsampetethiyagu/github/RL_CS687/cpp_source_v3/build/Clion/cmake-build-debug/CMakeFiles/CMakeTmp/src.cxx
clang: error: unsupported argument 'libomp' to option 'fopenmp='
make[1]: *** [CMakeFiles/cmTC_4642d.dir/src.cxx.o] Error 1
make: *** [cmTC_4642d/fast] Error 2

Source file was:

#include <omp.h>
int main() {
#ifdef _OPENMP
  return 0;
#else
  breaks_on_purpose
#endif
}

Performing C++ SOURCE FILE Test OpenMP_FLAG_DETECTED failed with the following output:
Change Dir: /Users/danielsampetethiyagu/github/RL_CS687/cpp_source_v3/build/Clion/cmake-build-debug/CMakeFiles/CMakeTmp

Run Build Command:"/usr/bin/make" "cmTC_17ed1/fast"
/Applications/Xcode.app/Contents/Developer/usr/bin/make -f CMakeFiles/cmTC_17ed1.dir/build.make CMakeFiles/cmTC_17ed1.dir/build
Building CXX object CMakeFiles/cmTC_17ed1.dir/src.cxx.o
/Applications/Xcode.app/Contents/Developer/Toolchains/XcodeDefault.xctoolchain/usr/bin/c++    -DOpenMP_FLAG_DETECTED /openmp -isysroot /Applications/Xcode.app/Contents/Developer/Platforms/MacOSX.platform/Developer/SDKs/MacOSX10.12.sdk   -o CMakeFiles/cmTC_17ed1.dir/src.cxx.o -c /Users/danielsampetethiyagu/github/RL_CS687/cpp_source_v3/build/Clion/cmake-build-debug/CMakeFiles/CMakeTmp/src.cxx
clang: error: no such file or directory: '/openmp'
make[1]: *** [CMakeFiles/cmTC_17ed1.dir/src.cxx.o] Error 1
make: *** [cmTC_17ed1/fast] Error 2

Source file was:

#include <omp.h>
int main() {
#ifdef _OPENMP
  return 0;
#else
  breaks_on_purpose
#endif
}

Performing C++ SOURCE FILE Test OpenMP_FLAG_DETECTED failed with the following output:
Change Dir: /Users/danielsampetethiyagu/github/RL_CS687/cpp_source_v3/build/Clion/cmake-build-debug/CMakeFiles/CMakeTmp

Run Build Command:"/usr/bin/make" "cmTC_ccf41/fast"
/Applications/Xcode.app/Contents/Developer/usr/bin/make -f CMakeFiles/cmTC_ccf41.dir/build.make CMakeFiles/cmTC_ccf41.dir/build
Building CXX object CMakeFiles/cmTC_ccf41.dir/src.cxx.o
/Applications/Xcode.app/Contents/Developer/Toolchains/XcodeDefault.xctoolchain/usr/bin/c++    -DOpenMP_FLAG_DETECTED -Qopenmp -isysroot /Applications/Xcode.app/Contents/Developer/Platforms/MacOSX.platform/Developer/SDKs/MacOSX10.12.sdk   -o CMakeFiles/cmTC_ccf41.dir/src.cxx.o -c /Users/danielsampetethiyagu/github/RL_CS687/cpp_source_v3/build/Clion/cmake-build-debug/CMakeFiles/CMakeTmp/src.cxx
clang: error: unknown argument: '-Qopenmp'
make[1]: *** [CMakeFiles/cmTC_ccf41.dir/src.cxx.o] Error 1
make: *** [cmTC_ccf41/fast] Error 2

Source file was:

#include <omp.h>
int main() {
#ifdef _OPENMP
  return 0;
#else
  breaks_on_purpose
#endif
}

Performing C++ SOURCE FILE Test OpenMP_FLAG_DETECTED failed with the following output:
Change Dir: /Users/danielsampetethiyagu/github/RL_CS687/cpp_source_v3/build/Clion/cmake-build-debug/CMakeFiles/CMakeTmp

Run Build Command:"/usr/bin/make" "cmTC_1f618/fast"
/Applications/Xcode.app/Contents/Developer/usr/bin/make -f CMakeFiles/cmTC_1f618.dir/build.make CMakeFiles/cmTC_1f618.dir/build
Building CXX object CMakeFiles/cmTC_1f618.dir/src.cxx.o
/Applications/Xcode.app/Contents/Developer/Toolchains/XcodeDefault.xctoolchain/usr/bin/c++    -DOpenMP_FLAG_DETECTED -openmp -isysroot /Applications/Xcode.app/Contents/Developer/Platforms/MacOSX.platform/Developer/SDKs/MacOSX10.12.sdk   -o CMakeFiles/cmTC_1f618.dir/src.cxx.o -c /Users/danielsampetethiyagu/github/RL_CS687/cpp_source_v3/build/Clion/cmake-build-debug/CMakeFiles/CMakeTmp/src.cxx
/Users/danielsampetethiyagu/github/RL_CS687/cpp_source_v3/build/Clion/cmake-build-debug/CMakeFiles/CMakeTmp/src.cxx:2:10: fatal error: 'omp.h' file not found
#include <omp.h>
         ^
1 error generated.
make[1]: *** [CMakeFiles/cmTC_1f618.dir/src.cxx.o] Error 1
make: *** [cmTC_1f618/fast] Error 2

Source file was:

#include <omp.h>
int main() {
#ifdef _OPENMP
  return 0;
#else
  breaks_on_purpose
#endif
}

Performing C++ SOURCE FILE Test OpenMP_FLAG_DETECTED failed with the following output:
Change Dir: /Users/danielsampetethiyagu/github/RL_CS687/cpp_source_v3/build/Clion/cmake-build-debug/CMakeFiles/CMakeTmp

Run Build Command:"/usr/bin/make" "cmTC_97f9b/fast"
/Applications/Xcode.app/Contents/Developer/usr/bin/make -f CMakeFiles/cmTC_97f9b.dir/build.make CMakeFiles/cmTC_97f9b.dir/build
Building CXX object CMakeFiles/cmTC_97f9b.dir/src.cxx.o
/Applications/Xcode.app/Contents/Developer/Toolchains/XcodeDefault.xctoolchain/usr/bin/c++    -DOpenMP_FLAG_DETECTED -xopenmp -isysroot /Applications/Xcode.app/Contents/Developer/Platforms/MacOSX.platform/Developer/SDKs/MacOSX10.12.sdk   -o CMakeFiles/cmTC_97f9b.dir/src.cxx.o -c /Users/danielsampetethiyagu/github/RL_CS687/cpp_source_v3/build/Clion/cmake-build-debug/CMakeFiles/CMakeTmp/src.cxx
clang: error: language not recognized: 'openmp'
clang: warning: /Users/danielsampetethiyagu/github/RL_CS687/cpp_source_v3/build/Clion/cmake-build-debug/CMakeFiles/CMakeTmp/src.cxx: 'linker' input unused [-Wunused-command-line-argument]
make[1]: *** [CMakeFiles/cmTC_97f9b.dir/src.cxx.o] Error 1
make: *** [cmTC_97f9b/fast] Error 2

Source file was:

#include <omp.h>
int main() {
#ifdef _OPENMP
  return 0;
#else
  breaks_on_purpose
#endif
}

Performing C++ SOURCE FILE Test OpenMP_FLAG_DETECTED failed with the following output:
Change Dir: /Users/danielsampetethiyagu/github/RL_CS687/cpp_source_v3/build/Clion/cmake-build-debug/CMakeFiles/CMakeTmp

Run Build Command:"/usr/bin/make" "cmTC_99b6c/fast"
/Applications/Xcode.app/Contents/Developer/usr/bin/make -f CMakeFiles/cmTC_99b6c.dir/build.make CMakeFiles/cmTC_99b6c.dir/build
Building CXX object CMakeFiles/cmTC_99b6c.dir/src.cxx.o
/Applications/Xcode.app/Contents/Developer/Toolchains/XcodeDefault.xctoolchain/usr/bin/c++    -DOpenMP_FLAG_DETECTED +Oopenmp -isysroot /Applications/Xcode.app/Contents/Developer/Platforms/MacOSX.platform/Developer/SDKs/MacOSX10.12.sdk   -o CMakeFiles/cmTC_99b6c.dir/src.cxx.o -c /Users/danielsampetethiyagu/github/RL_CS687/cpp_source_v3/build/Clion/cmake-build-debug/CMakeFiles/CMakeTmp/src.cxx
clang: error: no such file or directory: '+Oopenmp'
make[1]: *** [CMakeFiles/cmTC_99b6c.dir/src.cxx.o] Error 1
make: *** [cmTC_99b6c/fast] Error 2

Source file was:

#include <omp.h>
int main() {
#ifdef _OPENMP
  return 0;
#else
  breaks_on_purpose
#endif
}

Performing C++ SOURCE FILE Test OpenMP_FLAG_DETECTED failed with the following output:
Change Dir: /Users/danielsampetethiyagu/github/RL_CS687/cpp_source_v3/build/Clion/cmake-build-debug/CMakeFiles/CMakeTmp

Run Build Command:"/usr/bin/make" "cmTC_a36a9/fast"
/Applications/Xcode.app/Contents/Developer/usr/bin/make -f CMakeFiles/cmTC_a36a9.dir/build.make CMakeFiles/cmTC_a36a9.dir/build
Building CXX object CMakeFiles/cmTC_a36a9.dir/src.cxx.o
/Applications/Xcode.app/Contents/Developer/Toolchains/XcodeDefault.xctoolchain/usr/bin/c++    -DOpenMP_FLAG_DETECTED -qsmp -isysroot /Applications/Xcode.app/Contents/Developer/Platforms/MacOSX.platform/Developer/SDKs/MacOSX10.12.sdk   -o CMakeFiles/cmTC_a36a9.dir/src.cxx.o -c /Users/danielsampetethiyagu/github/RL_CS687/cpp_source_v3/build/Clion/cmake-build-debug/CMakeFiles/CMakeTmp/src.cxx
clang: error: unknown argument: '-qsmp'
make[1]: *** [CMakeFiles/cmTC_a36a9.dir/src.cxx.o] Error 1
make: *** [cmTC_a36a9/fast] Error 2

Source file was:

#include <omp.h>
int main() {
#ifdef _OPENMP
  return 0;
#else
  breaks_on_purpose
#endif
}

Performing C++ SOURCE FILE Test OpenMP_FLAG_DETECTED failed with the following output:
Change Dir: /Users/danielsampetethiyagu/github/RL_CS687/cpp_source_v3/build/Clion/cmake-build-debug/CMakeFiles/CMakeTmp

Run Build Command:"/usr/bin/make" "cmTC_22ca9/fast"
/Applications/Xcode.app/Contents/Developer/usr/bin/make -f CMakeFiles/cmTC_22ca9.dir/build.make CMakeFiles/cmTC_22ca9.dir/build
Building CXX object CMakeFiles/cmTC_22ca9.dir/src.cxx.o
/Applications/Xcode.app/Contents/Developer/Toolchains/XcodeDefault.xctoolchain/usr/bin/c++    -DOpenMP_FLAG_DETECTED -mp -isysroot /Applications/Xcode.app/Contents/Developer/Platforms/MacOSX.platform/Developer/SDKs/MacOSX10.12.sdk   -o CMakeFiles/cmTC_22ca9.dir/src.cxx.o -c /Users/danielsampetethiyagu/github/RL_CS687/cpp_source_v3/build/Clion/cmake-build-debug/CMakeFiles/CMakeTmp/src.cxx
clang: error: unknown argument: '-mp'
make[1]: *** [CMakeFiles/cmTC_22ca9.dir/src.cxx.o] Error 1
make: *** [cmTC_22ca9/fast] Error 2

Source file was:

#include <omp.h>
int main() {
#ifdef _OPENMP
  return 0;
#else
  breaks_on_purpose
#endif
}

Performing C SOURCE FILE Test OpenMP_FLAG_DETECTED failed with the following output:
Change Dir: /Users/danielsampetethiyagu/github/RL_CS687/cpp_source_v3/build/Clion/cmake-build-debug/CMakeFiles/CMakeTmp

Run Build Command:"/usr/bin/make" "cmTC_954c4/fast"
/Applications/Xcode.app/Contents/Developer/usr/bin/make -f CMakeFiles/cmTC_954c4.dir/build.make CMakeFiles/cmTC_954c4.dir/build
Building C object CMakeFiles/cmTC_954c4.dir/src.c.o
/Applications/Xcode.app/Contents/Developer/Toolchains/XcodeDefault.xctoolchain/usr/bin/cc   -DOpenMP_FLAG_DETECTED -isysroot /Applications/Xcode.app/Contents/Developer/Platforms/MacOSX.platform/Developer/SDKs/MacOSX10.12.sdk   -o CMakeFiles/cmTC_954c4.dir/src.c.o   -c /Users/danielsampetethiyagu/github/RL_CS687/cpp_source_v3/build/Clion/cmake-build-debug/CMakeFiles/CMakeTmp/src.c
/Users/danielsampetethiyagu/github/RL_CS687/cpp_source_v3/build/Clion/cmake-build-debug/CMakeFiles/CMakeTmp/src.c:2:10: fatal error: 'omp.h' file not found
#include <omp.h>
         ^
1 error generated.
make[1]: *** [CMakeFiles/cmTC_954c4.dir/src.c.o] Error 1
make: *** [cmTC_954c4/fast] Error 2

Source file was:

#include <omp.h>
int main() {
#ifdef _OPENMP
  return 0;
#else
  breaks_on_purpose
#endif
}

Performing C SOURCE FILE Test OpenMP_FLAG_DETECTED failed with the following output:
Change Dir: /Users/danielsampetethiyagu/github/RL_CS687/cpp_source_v3/build/Clion/cmake-build-debug/CMakeFiles/CMakeTmp

Run Build Command:"/usr/bin/make" "cmTC_07619/fast"
/Applications/Xcode.app/Contents/Developer/usr/bin/make -f CMakeFiles/cmTC_07619.dir/build.make CMakeFiles/cmTC_07619.dir/build
Building C object CMakeFiles/cmTC_07619.dir/src.c.o
/Applications/Xcode.app/Contents/Developer/Toolchains/XcodeDefault.xctoolchain/usr/bin/cc   -DOpenMP_FLAG_DETECTED -fopenmp -isysroot /Applications/Xcode.app/Contents/Developer/Platforms/MacOSX.platform/Developer/SDKs/MacOSX10.12.sdk   -o CMakeFiles/cmTC_07619.dir/src.c.o   -c /Users/danielsampetethiyagu/github/RL_CS687/cpp_source_v3/build/Clion/cmake-build-debug/CMakeFiles/CMakeTmp/src.c
clang: error: unsupported option '-fopenmp'
make[1]: *** [CMakeFiles/cmTC_07619.dir/src.c.o] Error 1
make: *** [cmTC_07619/fast] Error 2

Source file was:

#include <omp.h>
int main() {
#ifdef _OPENMP
  return 0;
#else
  breaks_on_purpose
#endif
}

Performing C SOURCE FILE Test OpenMP_FLAG_DETECTED failed with the following output:
Change Dir: /Users/danielsampetethiyagu/github/RL_CS687/cpp_source_v3/build/Clion/cmake-build-debug/CMakeFiles/CMakeTmp

Run Build Command:"/usr/bin/make" "cmTC_ffbc5/fast"
/Applications/Xcode.app/Contents/Developer/usr/bin/make -f CMakeFiles/cmTC_ffbc5.dir/build.make CMakeFiles/cmTC_ffbc5.dir/build
Building C object CMakeFiles/cmTC_ffbc5.dir/src.c.o
/Applications/Xcode.app/Contents/Developer/Toolchains/XcodeDefault.xctoolchain/usr/bin/cc   -DOpenMP_FLAG_DETECTED -fopenmp=libomp -isysroot /Applications/Xcode.app/Contents/Developer/Platforms/MacOSX.platform/Developer/SDKs/MacOSX10.12.sdk   -o CMakeFiles/cmTC_ffbc5.dir/src.c.o   -c /Users/danielsampetethiyagu/github/RL_CS687/cpp_source_v3/build/Clion/cmake-build-debug/CMakeFiles/CMakeTmp/src.c
clang: error: unsupported argument 'libomp' to option 'fopenmp='
make[1]: *** [CMakeFiles/cmTC_ffbc5.dir/src.c.o] Error 1
make: *** [cmTC_ffbc5/fast] Error 2

Source file was:

#include <omp.h>
int main() {
#ifdef _OPENMP
  return 0;
#else
  breaks_on_purpose
#endif
}

Performing C SOURCE FILE Test OpenMP_FLAG_DETECTED failed with the following output:
Change Dir: /Users/danielsampetethiyagu/github/RL_CS687/cpp_source_v3/build/Clion/cmake-build-debug/CMakeFiles/CMakeTmp

Run Build Command:"/usr/bin/make" "cmTC_93f04/fast"
/Applications/Xcode.app/Contents/Developer/usr/bin/make -f CMakeFiles/cmTC_93f04.dir/build.make CMakeFiles/cmTC_93f04.dir/build
Building C object CMakeFiles/cmTC_93f04.dir/src.c.o
/Applications/Xcode.app/Contents/Developer/Toolchains/XcodeDefault.xctoolchain/usr/bin/cc   -DOpenMP_FLAG_DETECTED /openmp -isysroot /Applications/Xcode.app/Contents/Developer/Platforms/MacOSX.platform/Developer/SDKs/MacOSX10.12.sdk   -o CMakeFiles/cmTC_93f04.dir/src.c.o   -c /Users/danielsampetethiyagu/github/RL_CS687/cpp_source_v3/build/Clion/cmake-build-debug/CMakeFiles/CMakeTmp/src.c
clang: error: no such file or directory: '/openmp'
make[1]: *** [CMakeFiles/cmTC_93f04.dir/src.c.o] Error 1
make: *** [cmTC_93f04/fast] Error 2

Source file was:

#include <omp.h>
int main() {
#ifdef _OPENMP
  return 0;
#else
  breaks_on_purpose
#endif
}

Performing C SOURCE FILE Test OpenMP_FLAG_DETECTED failed with the following output:
Change Dir: /Users/danielsampetethiyagu/github/RL_CS687/cpp_source_v3/build/Clion/cmake-build-debug/CMakeFiles/CMakeTmp

Run Build Command:"/usr/bin/make" "cmTC_fba5b/fast"
/Applications/Xcode.app/Contents/Developer/usr/bin/make -f CMakeFiles/cmTC_fba5b.dir/build.make CMakeFiles/cmTC_fba5b.dir/build
Building C object CMakeFiles/cmTC_fba5b.dir/src.c.o
/Applications/Xcode.app/Contents/Developer/Toolchains/XcodeDefault.xctoolchain/usr/bin/cc   -DOpenMP_FLAG_DETECTED -Qopenmp -isysroot /Applications/Xcode.app/Contents/Developer/Platforms/MacOSX.platform/Developer/SDKs/MacOSX10.12.sdk   -o CMakeFiles/cmTC_fba5b.dir/src.c.o   -c /Users/danielsampetethiyagu/github/RL_CS687/cpp_source_v3/build/Clion/cmake-build-debug/CMakeFiles/CMakeTmp/src.c
clang: error: unknown argument: '-Qopenmp'
make[1]: *** [CMakeFiles/cmTC_fba5b.dir/src.c.o] Error 1
make: *** [cmTC_fba5b/fast] Error 2

Source file was:

#include <omp.h>
int main() {
#ifdef _OPENMP
  return 0;
#else
  breaks_on_purpose
#endif
}

Performing C SOURCE FILE Test OpenMP_FLAG_DETECTED failed with the following output:
Change Dir: /Users/danielsampetethiyagu/github/RL_CS687/cpp_source_v3/build/Clion/cmake-build-debug/CMakeFiles/CMakeTmp

Run Build Command:"/usr/bin/make" "cmTC_060c1/fast"
/Applications/Xcode.app/Contents/Developer/usr/bin/make -f CMakeFiles/cmTC_060c1.dir/build.make CMakeFiles/cmTC_060c1.dir/build
Building C object CMakeFiles/cmTC_060c1.dir/src.c.o
/Applications/Xcode.app/Contents/Developer/Toolchains/XcodeDefault.xctoolchain/usr/bin/cc   -DOpenMP_FLAG_DETECTED -openmp -isysroot /Applications/Xcode.app/Contents/Developer/Platforms/MacOSX.platform/Developer/SDKs/MacOSX10.12.sdk   -o CMakeFiles/cmTC_060c1.dir/src.c.o   -c /Users/danielsampetethiyagu/github/RL_CS687/cpp_source_v3/build/Clion/cmake-build-debug/CMakeFiles/CMakeTmp/src.c
/Users/danielsampetethiyagu/github/RL_CS687/cpp_source_v3/build/Clion/cmake-build-debug/CMakeFiles/CMakeTmp/src.c:2:10: fatal error: 'omp.h' file not found
#include <omp.h>
         ^
1 error generated.
make[1]: *** [CMakeFiles/cmTC_060c1.dir/src.c.o] Error 1
make: *** [cmTC_060c1/fast] Error 2

Source file was:

#include <omp.h>
int main() {
#ifdef _OPENMP
  return 0;
#else
  breaks_on_purpose
#endif
}

Performing C SOURCE FILE Test OpenMP_FLAG_DETECTED failed with the following output:
Change Dir: /Users/danielsampetethiyagu/github/RL_CS687/cpp_source_v3/build/Clion/cmake-build-debug/CMakeFiles/CMakeTmp

Run Build Command:"/usr/bin/make" "cmTC_7609a/fast"
/Applications/Xcode.app/Contents/Developer/usr/bin/make -f CMakeFiles/cmTC_7609a.dir/build.make CMakeFiles/cmTC_7609a.dir/build
Building C object CMakeFiles/cmTC_7609a.dir/src.c.o
/Applications/Xcode.app/Contents/Developer/Toolchains/XcodeDefault.xctoolchain/usr/bin/cc   -DOpenMP_FLAG_DETECTED -xopenmp -isysroot /Applications/Xcode.app/Contents/Developer/Platforms/MacOSX.platform/Developer/SDKs/MacOSX10.12.sdk   -o CMakeFiles/cmTC_7609a.dir/src.c.o   -c /Users/danielsampetethiyagu/github/RL_CS687/cpp_source_v3/build/Clion/cmake-build-debug/CMakeFiles/CMakeTmp/src.c
clang: error: language not recognized: 'openmp'
clang: warning: /Users/danielsampetethiyagu/github/RL_CS687/cpp_source_v3/build/Clion/cmake-build-debug/CMakeFiles/CMakeTmp/src.c: 'linker' input unused [-Wunused-command-line-argument]
make[1]: *** [CMakeFiles/cmTC_7609a.dir/src.c.o] Error 1
make: *** [cmTC_7609a/fast] Error 2

Source file was:

#include <omp.h>
int main() {
#ifdef _OPENMP
  return 0;
#else
  breaks_on_purpose
#endif
}

Performing C SOURCE FILE Test OpenMP_FLAG_DETECTED failed with the following output:
Change Dir: /Users/danielsampetethiyagu/github/RL_CS687/cpp_source_v3/build/Clion/cmake-build-debug/CMakeFiles/CMakeTmp

Run Build Command:"/usr/bin/make" "cmTC_3af04/fast"
/Applications/Xcode.app/Contents/Developer/usr/bin/make -f CMakeFiles/cmTC_3af04.dir/build.make CMakeFiles/cmTC_3af04.dir/build
Building C object CMakeFiles/cmTC_3af04.dir/src.c.o
/Applications/Xcode.app/Contents/Developer/Toolchains/XcodeDefault.xctoolchain/usr/bin/cc   -DOpenMP_FLAG_DETECTED +Oopenmp -isysroot /Applications/Xcode.app/Contents/Developer/Platforms/MacOSX.platform/Developer/SDKs/MacOSX10.12.sdk   -o CMakeFiles/cmTC_3af04.dir/src.c.o   -c /Users/danielsampetethiyagu/github/RL_CS687/cpp_source_v3/build/Clion/cmake-build-debug/CMakeFiles/CMakeTmp/src.c
clang: error: no such file or directory: '+Oopenmp'
make[1]: *** [CMakeFiles/cmTC_3af04.dir/src.c.o] Error 1
make: *** [cmTC_3af04/fast] Error 2

Source file was:

#include <omp.h>
int main() {
#ifdef _OPENMP
  return 0;
#else
  breaks_on_purpose
#endif
}

Performing C SOURCE FILE Test OpenMP_FLAG_DETECTED failed with the following output:
Change Dir: /Users/danielsampetethiyagu/github/RL_CS687/cpp_source_v3/build/Clion/cmake-build-debug/CMakeFiles/CMakeTmp

Run Build Command:"/usr/bin/make" "cmTC_78376/fast"
/Applications/Xcode.app/Contents/Developer/usr/bin/make -f CMakeFiles/cmTC_78376.dir/build.make CMakeFiles/cmTC_78376.dir/build
Building C object CMakeFiles/cmTC_78376.dir/src.c.o
/Applications/Xcode.app/Contents/Developer/Toolchains/XcodeDefault.xctoolchain/usr/bin/cc   -DOpenMP_FLAG_DETECTED -qsmp -isysroot /Applications/Xcode.app/Contents/Developer/Platforms/MacOSX.platform/Developer/SDKs/MacOSX10.12.sdk   -o CMakeFiles/cmTC_78376.dir/src.c.o   -c /Users/danielsampetethiyagu/github/RL_CS687/cpp_source_v3/build/Clion/cmake-build-debug/CMakeFiles/CMakeTmp/src.c
clang: error: unknown argument: '-qsmp'
make[1]: *** [CMakeFiles/cmTC_78376.dir/src.c.o] Error 1
make: *** [cmTC_78376/fast] Error 2

Source file was:

#include <omp.h>
int main() {
#ifdef _OPENMP
  return 0;
#else
  breaks_on_purpose
#endif
}

Performing C SOURCE FILE Test OpenMP_FLAG_DETECTED failed with the following output:
Change Dir: /Users/danielsampetethiyagu/github/RL_CS687/cpp_source_v3/build/Clion/cmake-build-debug/CMakeFiles/CMakeTmp

Run Build Command:"/usr/bin/make" "cmTC_b5cd4/fast"
/Applications/Xcode.app/Contents/Developer/usr/bin/make -f CMakeFiles/cmTC_b5cd4.dir/build.make CMakeFiles/cmTC_b5cd4.dir/build
Building C object CMakeFiles/cmTC_b5cd4.dir/src.c.o
/Applications/Xcode.app/Contents/Developer/Toolchains/XcodeDefault.xctoolchain/usr/bin/cc   -DOpenMP_FLAG_DETECTED -mp -isysroot /Applications/Xcode.app/Contents/Developer/Platforms/MacOSX.platform/Developer/SDKs/MacOSX10.12.sdk   -o CMakeFiles/cmTC_b5cd4.dir/src.c.o   -c /Users/danielsampetethiyagu/github/RL_CS687/cpp_source_v3/build/Clion/cmake-build-debug/CMakeFiles/CMakeTmp/src.c
clang: error: unknown argument: '-mp'
make[1]: *** [CMakeFiles/cmTC_b5cd4.dir/src.c.o] Error 1
make: *** [cmTC_b5cd4/fast] Error 2

Source file was:

#include <omp.h>
int main() {
#ifdef _OPENMP
  return 0;
#else
  breaks_on_purpose
#endif
}

Performing C++ SOURCE FILE Test OpenMP_FLAG_DETECTED failed with the following output:
Change Dir: /Users/danielsampetethiyagu/github/RL_CS687/cpp_source_v3/build/Clion/cmake-build-debug/CMakeFiles/CMakeTmp

Run Build Command:"/usr/bin/make" "cmTC_fc2d8/fast"
/Applications/Xcode.app/Contents/Developer/usr/bin/make -f CMakeFiles/cmTC_fc2d8.dir/build.make CMakeFiles/cmTC_fc2d8.dir/build
Building CXX object CMakeFiles/cmTC_fc2d8.dir/src.cxx.o
/Applications/Xcode.app/Contents/Developer/Toolchains/XcodeDefault.xctoolchain/usr/bin/c++    -DOpenMP_FLAG_DETECTED -isysroot /Applications/Xcode.app/Contents/Developer/Platforms/MacOSX.platform/Developer/SDKs/MacOSX10.12.sdk   -o CMakeFiles/cmTC_fc2d8.dir/src.cxx.o -c /Users/danielsampetethiyagu/github/RL_CS687/cpp_source_v3/build/Clion/cmake-build-debug/CMakeFiles/CMakeTmp/src.cxx
/Users/danielsampetethiyagu/github/RL_CS687/cpp_source_v3/build/Clion/cmake-build-debug/CMakeFiles/CMakeTmp/src.cxx:2:10: fatal error: 'omp.h' file not found
#include <omp.h>
         ^
1 error generated.
make[1]: *** [CMakeFiles/cmTC_fc2d8.dir/src.cxx.o] Error 1
make: *** [cmTC_fc2d8/fast] Error 2

Source file was:

#include <omp.h>
int main() {
#ifdef _OPENMP
  return 0;
#else
  breaks_on_purpose
#endif
}

Performing C++ SOURCE FILE Test OpenMP_FLAG_DETECTED failed with the following output:
Change Dir: /Users/danielsampetethiyagu/github/RL_CS687/cpp_source_v3/build/Clion/cmake-build-debug/CMakeFiles/CMakeTmp

Run Build Command:"/usr/bin/make" "cmTC_dba2a/fast"
/Applications/Xcode.app/Contents/Developer/usr/bin/make -f CMakeFiles/cmTC_dba2a.dir/build.make CMakeFiles/cmTC_dba2a.dir/build
Building CXX object CMakeFiles/cmTC_dba2a.dir/src.cxx.o
/Applications/Xcode.app/Contents/Developer/Toolchains/XcodeDefault.xctoolchain/usr/bin/c++    -DOpenMP_FLAG_DETECTED -fopenmp -isysroot /Applications/Xcode.app/Contents/Developer/Platforms/MacOSX.platform/Developer/SDKs/MacOSX10.12.sdk   -o CMakeFiles/cmTC_dba2a.dir/src.cxx.o -c /Users/danielsampetethiyagu/github/RL_CS687/cpp_source_v3/build/Clion/cmake-build-debug/CMakeFiles/CMakeTmp/src.cxx
clang: error: unsupported option '-fopenmp'
make[1]: *** [CMakeFiles/cmTC_dba2a.dir/src.cxx.o] Error 1
make: *** [cmTC_dba2a/fast] Error 2

Source file was:

#include <omp.h>
int main() {
#ifdef _OPENMP
  return 0;
#else
  breaks_on_purpose
#endif
}

Performing C++ SOURCE FILE Test OpenMP_FLAG_DETECTED failed with the following output:
Change Dir: /Users/danielsampetethiyagu/github/RL_CS687/cpp_source_v3/build/Clion/cmake-build-debug/CMakeFiles/CMakeTmp

Run Build Command:"/usr/bin/make" "cmTC_135a6/fast"
/Applications/Xcode.app/Contents/Developer/usr/bin/make -f CMakeFiles/cmTC_135a6.dir/build.make CMakeFiles/cmTC_135a6.dir/build
Building CXX object CMakeFiles/cmTC_135a6.dir/src.cxx.o
/Applications/Xcode.app/Contents/Developer/Toolchains/XcodeDefault.xctoolchain/usr/bin/c++    -DOpenMP_FLAG_DETECTED -fopenmp=libomp -isysroot /Applications/Xcode.app/Contents/Developer/Platforms/MacOSX.platform/Developer/SDKs/MacOSX10.12.sdk   -o CMakeFiles/cmTC_135a6.dir/src.cxx.o -c /Users/danielsampetethiyagu/github/RL_CS687/cpp_source_v3/build/Clion/cmake-build-debug/CMakeFiles/CMakeTmp/src.cxx
clang: error: unsupported argument 'libomp' to option 'fopenmp='
make[1]: *** [CMakeFiles/cmTC_135a6.dir/src.cxx.o] Error 1
make: *** [cmTC_135a6/fast] Error 2

Source file was:

#include <omp.h>
int main() {
#ifdef _OPENMP
  return 0;
#else
  breaks_on_purpose
#endif
}

Performing C++ SOURCE FILE Test OpenMP_FLAG_DETECTED failed with the following output:
Change Dir: /Users/danielsampetethiyagu/github/RL_CS687/cpp_source_v3/build/Clion/cmake-build-debug/CMakeFiles/CMakeTmp

Run Build Command:"/usr/bin/make" "cmTC_976f6/fast"
/Applications/Xcode.app/Contents/Developer/usr/bin/make -f CMakeFiles/cmTC_976f6.dir/build.make CMakeFiles/cmTC_976f6.dir/build
Building CXX object CMakeFiles/cmTC_976f6.dir/src.cxx.o
/Applications/Xcode.app/Contents/Developer/Toolchains/XcodeDefault.xctoolchain/usr/bin/c++    -DOpenMP_FLAG_DETECTED /openmp -isysroot /Applications/Xcode.app/Contents/Developer/Platforms/MacOSX.platform/Developer/SDKs/MacOSX10.12.sdk   -o CMakeFiles/cmTC_976f6.dir/src.cxx.o -c /Users/danielsampetethiyagu/github/RL_CS687/cpp_source_v3/build/Clion/cmake-build-debug/CMakeFiles/CMakeTmp/src.cxx
clang: error: no such file or directory: '/openmp'
make[1]: *** [CMakeFiles/cmTC_976f6.dir/src.cxx.o] Error 1
make: *** [cmTC_976f6/fast] Error 2

Source file was:

#include <omp.h>
int main() {
#ifdef _OPENMP
  return 0;
#else
  breaks_on_purpose
#endif
}

Performing C++ SOURCE FILE Test OpenMP_FLAG_DETECTED failed with the following output:
Change Dir: /Users/danielsampetethiyagu/github/RL_CS687/cpp_source_v3/build/Clion/cmake-build-debug/CMakeFiles/CMakeTmp

Run Build Command:"/usr/bin/make" "cmTC_30743/fast"
/Applications/Xcode.app/Contents/Developer/usr/bin/make -f CMakeFiles/cmTC_30743.dir/build.make CMakeFiles/cmTC_30743.dir/build
Building CXX object CMakeFiles/cmTC_30743.dir/src.cxx.o
/Applications/Xcode.app/Contents/Developer/Toolchains/XcodeDefault.xctoolchain/usr/bin/c++    -DOpenMP_FLAG_DETECTED -Qopenmp -isysroot /Applications/Xcode.app/Contents/Developer/Platforms/MacOSX.platform/Developer/SDKs/MacOSX10.12.sdk   -o CMakeFiles/cmTC_30743.dir/src.cxx.o -c /Users/danielsampetethiyagu/github/RL_CS687/cpp_source_v3/build/Clion/cmake-build-debug/CMakeFiles/CMakeTmp/src.cxx
clang: error: unknown argument: '-Qopenmp'
make[1]: *** [CMakeFiles/cmTC_30743.dir/src.cxx.o] Error 1
make: *** [cmTC_30743/fast] Error 2

Source file was:

#include <omp.h>
int main() {
#ifdef _OPENMP
  return 0;
#else
  breaks_on_purpose
#endif
}

Performing C++ SOURCE FILE Test OpenMP_FLAG_DETECTED failed with the following output:
Change Dir: /Users/danielsampetethiyagu/github/RL_CS687/cpp_source_v3/build/Clion/cmake-build-debug/CMakeFiles/CMakeTmp

Run Build Command:"/usr/bin/make" "cmTC_4e2c4/fast"
/Applications/Xcode.app/Contents/Developer/usr/bin/make -f CMakeFiles/cmTC_4e2c4.dir/build.make CMakeFiles/cmTC_4e2c4.dir/build
Building CXX object CMakeFiles/cmTC_4e2c4.dir/src.cxx.o
/Applications/Xcode.app/Contents/Developer/Toolchains/XcodeDefault.xctoolchain/usr/bin/c++    -DOpenMP_FLAG_DETECTED -openmp -isysroot /Applications/Xcode.app/Contents/Developer/Platforms/MacOSX.platform/Developer/SDKs/MacOSX10.12.sdk   -o CMakeFiles/cmTC_4e2c4.dir/src.cxx.o -c /Users/danielsampetethiyagu/github/RL_CS687/cpp_source_v3/build/Clion/cmake-build-debug/CMakeFiles/CMakeTmp/src.cxx
/Users/danielsampetethiyagu/github/RL_CS687/cpp_source_v3/build/Clion/cmake-build-debug/CMakeFiles/CMakeTmp/src.cxx:2:10: fatal error: 'omp.h' file not found
#include <omp.h>
         ^
1 error generated.
make[1]: *** [CMakeFiles/cmTC_4e2c4.dir/src.cxx.o] Error 1
make: *** [cmTC_4e2c4/fast] Error 2

Source file was:

#include <omp.h>
int main() {
#ifdef _OPENMP
  return 0;
#else
  breaks_on_purpose
#endif
}

Performing C++ SOURCE FILE Test OpenMP_FLAG_DETECTED failed with the following output:
Change Dir: /Users/danielsampetethiyagu/github/RL_CS687/cpp_source_v3/build/Clion/cmake-build-debug/CMakeFiles/CMakeTmp

Run Build Command:"/usr/bin/make" "cmTC_339ea/fast"
/Applications/Xcode.app/Contents/Developer/usr/bin/make -f CMakeFiles/cmTC_339ea.dir/build.make CMakeFiles/cmTC_339ea.dir/build
Building CXX object CMakeFiles/cmTC_339ea.dir/src.cxx.o
/Applications/Xcode.app/Contents/Developer/Toolchains/XcodeDefault.xctoolchain/usr/bin/c++    -DOpenMP_FLAG_DETECTED -xopenmp -isysroot /Applications/Xcode.app/Contents/Developer/Platforms/MacOSX.platform/Developer/SDKs/MacOSX10.12.sdk   -o CMakeFiles/cmTC_339ea.dir/src.cxx.o -c /Users/danielsampetethiyagu/github/RL_CS687/cpp_source_v3/build/Clion/cmake-build-debug/CMakeFiles/CMakeTmp/src.cxx
clang: error: language not recognized: 'openmp'
clang: warning: /Users/danielsampetethiyagu/github/RL_CS687/cpp_source_v3/build/Clion/cmake-build-debug/CMakeFiles/CMakeTmp/src.cxx: 'linker' input unused [-Wunused-command-line-argument]
make[1]: *** [CMakeFiles/cmTC_339ea.dir/src.cxx.o] Error 1
make: *** [cmTC_339ea/fast] Error 2

Source file was:

#include <omp.h>
int main() {
#ifdef _OPENMP
  return 0;
#else
  breaks_on_purpose
#endif
}

Performing C++ SOURCE FILE Test OpenMP_FLAG_DETECTED failed with the following output:
Change Dir: /Users/danielsampetethiyagu/github/RL_CS687/cpp_source_v3/build/Clion/cmake-build-debug/CMakeFiles/CMakeTmp

Run Build Command:"/usr/bin/make" "cmTC_1f465/fast"
/Applications/Xcode.app/Contents/Developer/usr/bin/make -f CMakeFiles/cmTC_1f465.dir/build.make CMakeFiles/cmTC_1f465.dir/build
Building CXX object CMakeFiles/cmTC_1f465.dir/src.cxx.o
/Applications/Xcode.app/Contents/Developer/Toolchains/XcodeDefault.xctoolchain/usr/bin/c++    -DOpenMP_FLAG_DETECTED +Oopenmp -isysroot /Applications/Xcode.app/Contents/Developer/Platforms/MacOSX.platform/Developer/SDKs/MacOSX10.12.sdk   -o CMakeFiles/cmTC_1f465.dir/src.cxx.o -c /Users/danielsampetethiyagu/github/RL_CS687/cpp_source_v3/build/Clion/cmake-build-debug/CMakeFiles/CMakeTmp/src.cxx
clang: error: no such file or directory: '+Oopenmp'
make[1]: *** [CMakeFiles/cmTC_1f465.dir/src.cxx.o] Error 1
make: *** [cmTC_1f465/fast] Error 2

Source file was:

#include <omp.h>
int main() {
#ifdef _OPENMP
  return 0;
#else
  breaks_on_purpose
#endif
}

Performing C++ SOURCE FILE Test OpenMP_FLAG_DETECTED failed with the following output:
Change Dir: /Users/danielsampetethiyagu/github/RL_CS687/cpp_source_v3/build/Clion/cmake-build-debug/CMakeFiles/CMakeTmp

Run Build Command:"/usr/bin/make" "cmTC_d33c5/fast"
/Applications/Xcode.app/Contents/Developer/usr/bin/make -f CMakeFiles/cmTC_d33c5.dir/build.make CMakeFiles/cmTC_d33c5.dir/build
Building CXX object CMakeFiles/cmTC_d33c5.dir/src.cxx.o
/Applications/Xcode.app/Contents/Developer/Toolchains/XcodeDefault.xctoolchain/usr/bin/c++    -DOpenMP_FLAG_DETECTED -qsmp -isysroot /Applications/Xcode.app/Contents/Developer/Platforms/MacOSX.platform/Developer/SDKs/MacOSX10.12.sdk   -o CMakeFiles/cmTC_d33c5.dir/src.cxx.o -c /Users/danielsampetethiyagu/github/RL_CS687/cpp_source_v3/build/Clion/cmake-build-debug/CMakeFiles/CMakeTmp/src.cxx
clang: error: unknown argument: '-qsmp'
make[1]: *** [CMakeFiles/cmTC_d33c5.dir/src.cxx.o] Error 1
make: *** [cmTC_d33c5/fast] Error 2

Source file was:

#include <omp.h>
int main() {
#ifdef _OPENMP
  return 0;
#else
  breaks_on_purpose
#endif
}

Performing C++ SOURCE FILE Test OpenMP_FLAG_DETECTED failed with the following output:
Change Dir: /Users/danielsampetethiyagu/github/RL_CS687/cpp_source_v3/build/Clion/cmake-build-debug/CMakeFiles/CMakeTmp

Run Build Command:"/usr/bin/make" "cmTC_751d8/fast"
/Applications/Xcode.app/Contents/Developer/usr/bin/make -f CMakeFiles/cmTC_751d8.dir/build.make CMakeFiles/cmTC_751d8.dir/build
Building CXX object CMakeFiles/cmTC_751d8.dir/src.cxx.o
/Applications/Xcode.app/Contents/Developer/Toolchains/XcodeDefault.xctoolchain/usr/bin/c++    -DOpenMP_FLAG_DETECTED -mp -isysroot /Applications/Xcode.app/Contents/Developer/Platforms/MacOSX.platform/Developer/SDKs/MacOSX10.12.sdk   -o CMakeFiles/cmTC_751d8.dir/src.cxx.o -c /Users/danielsampetethiyagu/github/RL_CS687/cpp_source_v3/build/Clion/cmake-build-debug/CMakeFiles/CMakeTmp/src.cxx
clang: error: unknown argument: '-mp'
make[1]: *** [CMakeFiles/cmTC_751d8.dir/src.cxx.o] Error 1
make: *** [cmTC_751d8/fast] Error 2

Source file was:

#include <omp.h>
int main() {
#ifdef _OPENMP
  return 0;
#else
  breaks_on_purpose
#endif
}

