The system is: Darwin - 16.7.0 - x86_64
Compiling the C compiler identification source file "CMakeCCompilerId.c" succeeded.
Compiler: /usr/local/bin/gcc-7 
Build flags: 
Id flags:  

The output was:
0


Compilation of the C compiler identification source "CMakeCCompilerId.c" produced "a.out"

The C compiler identification is GNU, found in "/Users/danielsampetethiyagu/github/RL_CS687/cpp_source_v3/build/Clion/Debug/CMakeFiles/3.8.2/CompilerIdC/a.out"

Compiling the CXX compiler identification source file "CMakeCXXCompilerId.cpp" succeeded.
Compiler: /usr/local/bin/g++-7 
Build flags: 
Id flags:  

The output was:
0


Compilation of the CXX compiler identification source "CMakeCXXCompilerId.cpp" produced "a.out"

The CXX compiler identification is GNU, found in "/Users/danielsampetethiyagu/github/RL_CS687/cpp_source_v3/build/Clion/Debug/CMakeFiles/3.8.2/CompilerIdCXX/a.out"

Determining if the C compiler works passed with the following output:
Change Dir: /Users/danielsampetethiyagu/github/RL_CS687/cpp_source_v3/build/Clion/Debug/CMakeFiles/CMakeTmp

Run Build Command:"/usr/bin/make" "cmTC_20200/fast"
/Applications/Xcode.app/Contents/Developer/usr/bin/make -f CMakeFiles/cmTC_20200.dir/build.make CMakeFiles/cmTC_20200.dir/build
Building C object CMakeFiles/cmTC_20200.dir/testCCompiler.c.o
/usr/local/bin/gcc-7    -o CMakeFiles/cmTC_20200.dir/testCCompiler.c.o   -c /Users/danielsampetethiyagu/github/RL_CS687/cpp_source_v3/build/Clion/Debug/CMakeFiles/CMakeTmp/testCCompiler.c
Linking C executable cmTC_20200
/Applications/CLion.app/Contents/bin/cmake/bin/cmake -E cmake_link_script CMakeFiles/cmTC_20200.dir/link.txt --verbose=1
/usr/local/bin/gcc-7   -Wl,-search_paths_first -Wl,-headerpad_max_install_names   CMakeFiles/cmTC_20200.dir/testCCompiler.c.o  -o cmTC_20200 


Detecting C compiler ABI info compiled with the following output:
Change Dir: /Users/danielsampetethiyagu/github/RL_CS687/cpp_source_v3/build/Clion/Debug/CMakeFiles/CMakeTmp

Run Build Command:"/usr/bin/make" "cmTC_1dad6/fast"
/Applications/Xcode.app/Contents/Developer/usr/bin/make -f CMakeFiles/cmTC_1dad6.dir/build.make CMakeFiles/cmTC_1dad6.dir/build
Building C object CMakeFiles/cmTC_1dad6.dir/CMakeCCompilerABI.c.o
/usr/local/bin/gcc-7    -o CMakeFiles/cmTC_1dad6.dir/CMakeCCompilerABI.c.o   -c /Applications/CLion.app/Contents/bin/cmake/share/cmake-3.8/Modules/CMakeCCompilerABI.c
Linking C executable cmTC_1dad6
/Applications/CLion.app/Contents/bin/cmake/bin/cmake -E cmake_link_script CMakeFiles/cmTC_1dad6.dir/link.txt --verbose=1
/usr/local/bin/gcc-7   -Wl,-search_paths_first -Wl,-headerpad_max_install_names  -v -Wl,-v CMakeFiles/cmTC_1dad6.dir/CMakeCCompilerABI.c.o  -o cmTC_1dad6 
Using built-in specs.
COLLECT_GCC=/usr/local/bin/gcc-7
COLLECT_LTO_WRAPPER=/usr/local/Cellar/gcc/7.2.0/libexec/gcc/x86_64-apple-darwin16.7.0/7.2.0/lto-wrapper
Target: x86_64-apple-darwin16.7.0
Configured with: ../configure --build=x86_64-apple-darwin16.7.0 --prefix=/usr/local/Cellar/gcc/7.2.0 --libdir=/usr/local/Cellar/gcc/7.2.0/lib/gcc/7 --enable-languages=c,c++,objc,obj-c++,fortran --program-suffix=-7 --with-gmp=/usr/local/opt/gmp --with-mpfr=/usr/local/opt/mpfr --with-mpc=/usr/local/opt/libmpc --with-isl=/usr/local/opt/isl --with-system-zlib --enable-checking=release --with-pkgversion='Homebrew GCC 7.2.0' --with-bugurl=https://github.com/Homebrew/homebrew-core/issues --disable-nls --with-native-system-header-dir=/usr/include --with-sysroot=/Applications/Xcode.app/Contents/Developer/Platforms/MacOSX.platform/Developer/SDKs/MacOSX10.12.sdk
Thread model: posix
gcc version 7.2.0 (Homebrew GCC 7.2.0) 
COMPILER_PATH=/usr/local/Cellar/gcc/7.2.0/libexec/gcc/x86_64-apple-darwin16.7.0/7.2.0/:/usr/local/Cellar/gcc/7.2.0/libexec/gcc/x86_64-apple-darwin16.7.0/7.2.0/:/usr/local/Cellar/gcc/7.2.0/libexec/gcc/x86_64-apple-darwin16.7.0/:/usr/local/Cellar/gcc/7.2.0/lib/gcc/7/gcc/x86_64-apple-darwin16.7.0/7.2.0/:/usr/local/Cellar/gcc/7.2.0/lib/gcc/7/gcc/x86_64-apple-darwin16.7.0/
LIBRARY_PATH=/usr/local/Cellar/gcc/7.2.0/lib/gcc/7/gcc/x86_64-apple-darwin16.7.0/7.2.0/:/usr/local/Cellar/gcc/7.2.0/lib/gcc/7/gcc/x86_64-apple-darwin16.7.0/7.2.0/../../../
COLLECT_GCC_OPTIONS='-v' '-o' 'cmTC_1dad6' '-mmacosx-version-min=10.12.7' '-asm_macosx_version_min=10.12' '-mtune=core2'
 /usr/local/Cellar/gcc/7.2.0/libexec/gcc/x86_64-apple-darwin16.7.0/7.2.0/collect2 -syslibroot /Applications/Xcode.app/Contents/Developer/Platforms/MacOSX.platform/Developer/SDKs/MacOSX10.12.sdk/ -dynamic -arch x86_64 -macosx_version_min 10.12.7 -weak_reference_mismatches non-weak -o cmTC_1dad6 -L/usr/local/Cellar/gcc/7.2.0/lib/gcc/7/gcc/x86_64-apple-darwin16.7.0/7.2.0 -L/usr/local/Cellar/gcc/7.2.0/lib/gcc/7/gcc/x86_64-apple-darwin16.7.0/7.2.0/../../.. -search_paths_first -headerpad_max_install_names -v CMakeFiles/cmTC_1dad6.dir/CMakeCCompilerABI.c.o -no_compact_unwind -lSystem -lgcc_ext.10.5 -lgcc -lSystem -v
collect2 version 7.2.0
/usr/bin/ld -syslibroot /Applications/Xcode.app/Contents/Developer/Platforms/MacOSX.platform/Developer/SDKs/MacOSX10.12.sdk/ -dynamic -arch x86_64 -macosx_version_min 10.12.7 -weak_reference_mismatches non-weak -o cmTC_1dad6 -L/usr/local/Cellar/gcc/7.2.0/lib/gcc/7/gcc/x86_64-apple-darwin16.7.0/7.2.0 -L/usr/local/Cellar/gcc/7.2.0/lib/gcc/7/gcc/x86_64-apple-darwin16.7.0/7.2.0/../../.. -search_paths_first -headerpad_max_install_names -v CMakeFiles/cmTC_1dad6.dir/CMakeCCompilerABI.c.o -no_compact_unwind -lSystem -lgcc_ext.10.5 -lgcc -lSystem -v
@(#)PROGRAM:ld  PROJECT:ld64-278.4
configured to support archs: armv6 armv7 armv7s arm64 i386 x86_64 x86_64h armv6m armv7k armv7m armv7em (tvOS)
@(#)PROGRAM:ld  PROJECT:ld64-278.4
configured to support archs: armv6 armv7 armv7s arm64 i386 x86_64 x86_64h armv6m armv7k armv7m armv7em (tvOS)
Library search paths:
	/usr/local/Cellar/gcc/7.2.0/lib/gcc/7/gcc/x86_64-apple-darwin16.7.0/7.2.0
	/usr/local/Cellar/gcc/7.2.0/lib/gcc/7
	/Applications/Xcode.app/Contents/Developer/Platforms/MacOSX.platform/Developer/SDKs/MacOSX10.12.sdk/usr/lib
Framework search paths:
	/Applications/Xcode.app/Contents/Developer/Platforms/MacOSX.platform/Developer/SDKs/MacOSX10.12.sdk/System/Library/Frameworks/
 /usr/bin/nm -n CMakeFiles/cmTC_1dad6.dir/CMakeCCompilerABI.c.o


Parsed C implicit link information from above output:
  link line regex: [^( *|.*[/\])(ld|([^/\]+-)?ld|collect2)[^/\]*( |$)]
  ignore line: [Change Dir: /Users/danielsampetethiyagu/github/RL_CS687/cpp_source_v3/build/Clion/Debug/CMakeFiles/CMakeTmp]
  ignore line: []
  ignore line: [Run Build Command:"/usr/bin/make" "cmTC_1dad6/fast"]
  ignore line: [/Applications/Xcode.app/Contents/Developer/usr/bin/make -f CMakeFiles/cmTC_1dad6.dir/build.make CMakeFiles/cmTC_1dad6.dir/build]
  ignore line: [Building C object CMakeFiles/cmTC_1dad6.dir/CMakeCCompilerABI.c.o]
  ignore line: [/usr/local/bin/gcc-7    -o CMakeFiles/cmTC_1dad6.dir/CMakeCCompilerABI.c.o   -c /Applications/CLion.app/Contents/bin/cmake/share/cmake-3.8/Modules/CMakeCCompilerABI.c]
  ignore line: [Linking C executable cmTC_1dad6]
  ignore line: [/Applications/CLion.app/Contents/bin/cmake/bin/cmake -E cmake_link_script CMakeFiles/cmTC_1dad6.dir/link.txt --verbose=1]
  ignore line: [/usr/local/bin/gcc-7   -Wl,-search_paths_first -Wl,-headerpad_max_install_names  -v -Wl,-v CMakeFiles/cmTC_1dad6.dir/CMakeCCompilerABI.c.o  -o cmTC_1dad6 ]
  ignore line: [Using built-in specs.]
  ignore line: [COLLECT_GCC=/usr/local/bin/gcc-7]
  ignore line: [COLLECT_LTO_WRAPPER=/usr/local/Cellar/gcc/7.2.0/libexec/gcc/x86_64-apple-darwin16.7.0/7.2.0/lto-wrapper]
  ignore line: [Target: x86_64-apple-darwin16.7.0]
  ignore line: [Configured with: ../configure --build=x86_64-apple-darwin16.7.0 --prefix=/usr/local/Cellar/gcc/7.2.0 --libdir=/usr/local/Cellar/gcc/7.2.0/lib/gcc/7 --enable-languages=c,c++,objc,obj-c++,fortran --program-suffix=-7 --with-gmp=/usr/local/opt/gmp --with-mpfr=/usr/local/opt/mpfr --with-mpc=/usr/local/opt/libmpc --with-isl=/usr/local/opt/isl --with-system-zlib --enable-checking=release --with-pkgversion='Homebrew GCC 7.2.0' --with-bugurl=https://github.com/Homebrew/homebrew-core/issues --disable-nls --with-native-system-header-dir=/usr/include --with-sysroot=/Applications/Xcode.app/Contents/Developer/Platforms/MacOSX.platform/Developer/SDKs/MacOSX10.12.sdk]
  ignore line: [Thread model: posix]
  ignore line: [gcc version 7.2.0 (Homebrew GCC 7.2.0) ]
  ignore line: [COMPILER_PATH=/usr/local/Cellar/gcc/7.2.0/libexec/gcc/x86_64-apple-darwin16.7.0/7.2.0/:/usr/local/Cellar/gcc/7.2.0/libexec/gcc/x86_64-apple-darwin16.7.0/7.2.0/:/usr/local/Cellar/gcc/7.2.0/libexec/gcc/x86_64-apple-darwin16.7.0/:/usr/local/Cellar/gcc/7.2.0/lib/gcc/7/gcc/x86_64-apple-darwin16.7.0/7.2.0/:/usr/local/Cellar/gcc/7.2.0/lib/gcc/7/gcc/x86_64-apple-darwin16.7.0/]
  ignore line: [LIBRARY_PATH=/usr/local/Cellar/gcc/7.2.0/lib/gcc/7/gcc/x86_64-apple-darwin16.7.0/7.2.0/:/usr/local/Cellar/gcc/7.2.0/lib/gcc/7/gcc/x86_64-apple-darwin16.7.0/7.2.0/../../../]
  ignore line: [COLLECT_GCC_OPTIONS='-v' '-o' 'cmTC_1dad6' '-mmacosx-version-min=10.12.7' '-asm_macosx_version_min=10.12' '-mtune=core2']
  link line: [ /usr/local/Cellar/gcc/7.2.0/libexec/gcc/x86_64-apple-darwin16.7.0/7.2.0/collect2 -syslibroot /Applications/Xcode.app/Contents/Developer/Platforms/MacOSX.platform/Developer/SDKs/MacOSX10.12.sdk/ -dynamic -arch x86_64 -macosx_version_min 10.12.7 -weak_reference_mismatches non-weak -o cmTC_1dad6 -L/usr/local/Cellar/gcc/7.2.0/lib/gcc/7/gcc/x86_64-apple-darwin16.7.0/7.2.0 -L/usr/local/Cellar/gcc/7.2.0/lib/gcc/7/gcc/x86_64-apple-darwin16.7.0/7.2.0/../../.. -search_paths_first -headerpad_max_install_names -v CMakeFiles/cmTC_1dad6.dir/CMakeCCompilerABI.c.o -no_compact_unwind -lSystem -lgcc_ext.10.5 -lgcc -lSystem -v]
    arg [/usr/local/Cellar/gcc/7.2.0/libexec/gcc/x86_64-apple-darwin16.7.0/7.2.0/collect2] ==> ignore
    arg [-syslibroot] ==> ignore
    arg [/Applications/Xcode.app/Contents/Developer/Platforms/MacOSX.platform/Developer/SDKs/MacOSX10.12.sdk/] ==> ignore
    arg [-dynamic] ==> ignore
    arg [-arch] ==> ignore
    arg [x86_64] ==> ignore
    arg [-macosx_version_min] ==> ignore
    arg [10.12.7] ==> ignore
    arg [-weak_reference_mismatches] ==> ignore
    arg [non-weak] ==> ignore
    arg [-o] ==> ignore
    arg [cmTC_1dad6] ==> ignore
    arg [-L/usr/local/Cellar/gcc/7.2.0/lib/gcc/7/gcc/x86_64-apple-darwin16.7.0/7.2.0] ==> dir [/usr/local/Cellar/gcc/7.2.0/lib/gcc/7/gcc/x86_64-apple-darwin16.7.0/7.2.0]
    arg [-L/usr/local/Cellar/gcc/7.2.0/lib/gcc/7/gcc/x86_64-apple-darwin16.7.0/7.2.0/../../..] ==> dir [/usr/local/Cellar/gcc/7.2.0/lib/gcc/7/gcc/x86_64-apple-darwin16.7.0/7.2.0/../../..]
    arg [-search_paths_first] ==> ignore
    arg [-headerpad_max_install_names] ==> ignore
    arg [-v] ==> ignore
    arg [CMakeFiles/cmTC_1dad6.dir/CMakeCCompilerABI.c.o] ==> ignore
    arg [-no_compact_unwind] ==> ignore
    arg [-lSystem] ==> lib [System]
    arg [-lgcc_ext.10.5] ==> lib [gcc_ext.10.5]
    arg [-lgcc] ==> lib [gcc]
    arg [-lSystem] ==> lib [System]
    arg [-v] ==> ignore
  Library search paths: [;/usr/local/Cellar/gcc/7.2.0/lib/gcc/7/gcc/x86_64-apple-darwin16.7.0/7.2.0;/usr/local/Cellar/gcc/7.2.0/lib/gcc/7;/Applications/Xcode.app/Contents/Developer/Platforms/MacOSX.platform/Developer/SDKs/MacOSX10.12.sdk/usr/lib]
  Framework search paths: [;/Applications/Xcode.app/Contents/Developer/Platforms/MacOSX.platform/Developer/SDKs/MacOSX10.12.sdk/System/Library/Frameworks/]
  remove lib [System]
  remove lib [gcc_ext.10.5]
  remove lib [gcc]
  remove lib [System]
  collapse library dir [/usr/local/Cellar/gcc/7.2.0/lib/gcc/7/gcc/x86_64-apple-darwin16.7.0/7.2.0] ==> [/usr/local/Cellar/gcc/7.2.0/lib/gcc/7/gcc/x86_64-apple-darwin16.7.0/7.2.0]
  collapse library dir [/usr/local/Cellar/gcc/7.2.0/lib/gcc/7/gcc/x86_64-apple-darwin16.7.0/7.2.0/../../..] ==> [/usr/local/Cellar/gcc/7.2.0/lib/gcc/7]
  collapse library dir [/usr/local/Cellar/gcc/7.2.0/lib/gcc/7/gcc/x86_64-apple-darwin16.7.0/7.2.0] ==> [/usr/local/Cellar/gcc/7.2.0/lib/gcc/7/gcc/x86_64-apple-darwin16.7.0/7.2.0]
  collapse library dir [/usr/local/Cellar/gcc/7.2.0/lib/gcc/7] ==> [/usr/local/Cellar/gcc/7.2.0/lib/gcc/7]
  collapse library dir [/Applications/Xcode.app/Contents/Developer/Platforms/MacOSX.platform/Developer/SDKs/MacOSX10.12.sdk/usr/lib] ==> [/Applications/Xcode.app/Contents/Developer/Platforms/MacOSX.platform/Developer/SDKs/MacOSX10.12.sdk/usr/lib]
  collapse framework dir [/Applications/Xcode.app/Contents/Developer/Platforms/MacOSX.platform/Developer/SDKs/MacOSX10.12.sdk/System/Library/Frameworks/] ==> [/Applications/Xcode.app/Contents/Developer/Platforms/MacOSX.platform/Developer/SDKs/MacOSX10.12.sdk/System/Library/Frameworks]
  implicit libs: []
  implicit dirs: [/usr/local/Cellar/gcc/7.2.0/lib/gcc/7/gcc/x86_64-apple-darwin16.7.0/7.2.0;/usr/local/Cellar/gcc/7.2.0/lib/gcc/7;/Applications/Xcode.app/Contents/Developer/Platforms/MacOSX.platform/Developer/SDKs/MacOSX10.12.sdk/usr/lib]
  implicit fwks: [/Applications/Xcode.app/Contents/Developer/Platforms/MacOSX.platform/Developer/SDKs/MacOSX10.12.sdk/System/Library/Frameworks]




Detecting C [-std=c11] compiler features compiled with the following output:
Change Dir: /Users/danielsampetethiyagu/github/RL_CS687/cpp_source_v3/build/Clion/Debug/CMakeFiles/CMakeTmp

Run Build Command:"/usr/bin/make" "cmTC_575a7/fast"
/Applications/Xcode.app/Contents/Developer/usr/bin/make -f CMakeFiles/cmTC_575a7.dir/build.make CMakeFiles/cmTC_575a7.dir/build
Building C object CMakeFiles/cmTC_575a7.dir/feature_tests.c.o
/usr/local/bin/gcc-7   -std=c11 -o CMakeFiles/cmTC_575a7.dir/feature_tests.c.o   -c /Users/danielsampetethiyagu/github/RL_CS687/cpp_source_v3/build/Clion/Debug/CMakeFiles/feature_tests.c
Linking C executable cmTC_575a7
/Applications/CLion.app/Contents/bin/cmake/bin/cmake -E cmake_link_script CMakeFiles/cmTC_575a7.dir/link.txt --verbose=1
/usr/local/bin/gcc-7   -Wl,-search_paths_first -Wl,-headerpad_max_install_names   CMakeFiles/cmTC_575a7.dir/feature_tests.c.o  -o cmTC_575a7 


    Feature record: C_FEATURE:1c_function_prototypes
    Feature record: C_FEATURE:1c_restrict
    Feature record: C_FEATURE:1c_static_assert
    Feature record: C_FEATURE:1c_variadic_macros


Detecting C [-std=c99] compiler features compiled with the following output:
Change Dir: /Users/danielsampetethiyagu/github/RL_CS687/cpp_source_v3/build/Clion/Debug/CMakeFiles/CMakeTmp

Run Build Command:"/usr/bin/make" "cmTC_ba886/fast"
/Applications/Xcode.app/Contents/Developer/usr/bin/make -f CMakeFiles/cmTC_ba886.dir/build.make CMakeFiles/cmTC_ba886.dir/build
Building C object CMakeFiles/cmTC_ba886.dir/feature_tests.c.o
/usr/local/bin/gcc-7   -std=c99 -o CMakeFiles/cmTC_ba886.dir/feature_tests.c.o   -c /Users/danielsampetethiyagu/github/RL_CS687/cpp_source_v3/build/Clion/Debug/CMakeFiles/feature_tests.c
Linking C executable cmTC_ba886
/Applications/CLion.app/Contents/bin/cmake/bin/cmake -E cmake_link_script CMakeFiles/cmTC_ba886.dir/link.txt --verbose=1
/usr/local/bin/gcc-7   -Wl,-search_paths_first -Wl,-headerpad_max_install_names   CMakeFiles/cmTC_ba886.dir/feature_tests.c.o  -o cmTC_ba886 


    Feature record: C_FEATURE:1c_function_prototypes
    Feature record: C_FEATURE:1c_restrict
    Feature record: C_FEATURE:0c_static_assert
    Feature record: C_FEATURE:1c_variadic_macros


Detecting C [-std=c90] compiler features compiled with the following output:
Change Dir: /Users/danielsampetethiyagu/github/RL_CS687/cpp_source_v3/build/Clion/Debug/CMakeFiles/CMakeTmp

Run Build Command:"/usr/bin/make" "cmTC_083ff/fast"
/Applications/Xcode.app/Contents/Developer/usr/bin/make -f CMakeFiles/cmTC_083ff.dir/build.make CMakeFiles/cmTC_083ff.dir/build
Building C object CMakeFiles/cmTC_083ff.dir/feature_tests.c.o
/usr/local/bin/gcc-7   -std=c90 -o CMakeFiles/cmTC_083ff.dir/feature_tests.c.o   -c /Users/danielsampetethiyagu/github/RL_CS687/cpp_source_v3/build/Clion/Debug/CMakeFiles/feature_tests.c
Linking C executable cmTC_083ff
/Applications/CLion.app/Contents/bin/cmake/bin/cmake -E cmake_link_script CMakeFiles/cmTC_083ff.dir/link.txt --verbose=1
/usr/local/bin/gcc-7   -Wl,-search_paths_first -Wl,-headerpad_max_install_names   CMakeFiles/cmTC_083ff.dir/feature_tests.c.o  -o cmTC_083ff 


    Feature record: C_FEATURE:1c_function_prototypes
    Feature record: C_FEATURE:0c_restrict
    Feature record: C_FEATURE:0c_static_assert
    Feature record: C_FEATURE:0c_variadic_macros
Determining if the CXX compiler works passed with the following output:
Change Dir: /Users/danielsampetethiyagu/github/RL_CS687/cpp_source_v3/build/Clion/Debug/CMakeFiles/CMakeTmp

Run Build Command:"/usr/bin/make" "cmTC_67f41/fast"
/Applications/Xcode.app/Contents/Developer/usr/bin/make -f CMakeFiles/cmTC_67f41.dir/build.make CMakeFiles/cmTC_67f41.dir/build
Building CXX object CMakeFiles/cmTC_67f41.dir/testCXXCompiler.cxx.o
/usr/local/bin/g++-7     -o CMakeFiles/cmTC_67f41.dir/testCXXCompiler.cxx.o -c /Users/danielsampetethiyagu/github/RL_CS687/cpp_source_v3/build/Clion/Debug/CMakeFiles/CMakeTmp/testCXXCompiler.cxx
Linking CXX executable cmTC_67f41
/Applications/CLion.app/Contents/bin/cmake/bin/cmake -E cmake_link_script CMakeFiles/cmTC_67f41.dir/link.txt --verbose=1
/usr/local/bin/g++-7    -Wl,-search_paths_first -Wl,-headerpad_max_install_names   CMakeFiles/cmTC_67f41.dir/testCXXCompiler.cxx.o  -o cmTC_67f41 


Detecting CXX compiler ABI info compiled with the following output:
Change Dir: /Users/danielsampetethiyagu/github/RL_CS687/cpp_source_v3/build/Clion/Debug/CMakeFiles/CMakeTmp

Run Build Command:"/usr/bin/make" "cmTC_fac44/fast"
/Applications/Xcode.app/Contents/Developer/usr/bin/make -f CMakeFiles/cmTC_fac44.dir/build.make CMakeFiles/cmTC_fac44.dir/build
Building CXX object CMakeFiles/cmTC_fac44.dir/CMakeCXXCompilerABI.cpp.o
/usr/local/bin/g++-7     -o CMakeFiles/cmTC_fac44.dir/CMakeCXXCompilerABI.cpp.o -c /Applications/CLion.app/Contents/bin/cmake/share/cmake-3.8/Modules/CMakeCXXCompilerABI.cpp
Linking CXX executable cmTC_fac44
/Applications/CLion.app/Contents/bin/cmake/bin/cmake -E cmake_link_script CMakeFiles/cmTC_fac44.dir/link.txt --verbose=1
/usr/local/bin/g++-7    -Wl,-search_paths_first -Wl,-headerpad_max_install_names  -v -Wl,-v CMakeFiles/cmTC_fac44.dir/CMakeCXXCompilerABI.cpp.o  -o cmTC_fac44 
Using built-in specs.
COLLECT_GCC=/usr/local/bin/g++-7
COLLECT_LTO_WRAPPER=/usr/local/Cellar/gcc/7.2.0/libexec/gcc/x86_64-apple-darwin16.7.0/7.2.0/lto-wrapper
Target: x86_64-apple-darwin16.7.0
Configured with: ../configure --build=x86_64-apple-darwin16.7.0 --prefix=/usr/local/Cellar/gcc/7.2.0 --libdir=/usr/local/Cellar/gcc/7.2.0/lib/gcc/7 --enable-languages=c,c++,objc,obj-c++,fortran --program-suffix=-7 --with-gmp=/usr/local/opt/gmp --with-mpfr=/usr/local/opt/mpfr --with-mpc=/usr/local/opt/libmpc --with-isl=/usr/local/opt/isl --with-system-zlib --enable-checking=release --with-pkgversion='Homebrew GCC 7.2.0' --with-bugurl=https://github.com/Homebrew/homebrew-core/issues --disable-nls --with-native-system-header-dir=/usr/include --with-sysroot=/Applications/Xcode.app/Contents/Developer/Platforms/MacOSX.platform/Developer/SDKs/MacOSX10.12.sdk
Thread model: posix
gcc version 7.2.0 (Homebrew GCC 7.2.0) 
COMPILER_PATH=/usr/local/Cellar/gcc/7.2.0/libexec/gcc/x86_64-apple-darwin16.7.0/7.2.0/:/usr/local/Cellar/gcc/7.2.0/libexec/gcc/x86_64-apple-darwin16.7.0/7.2.0/:/usr/local/Cellar/gcc/7.2.0/libexec/gcc/x86_64-apple-darwin16.7.0/:/usr/local/Cellar/gcc/7.2.0/lib/gcc/7/gcc/x86_64-apple-darwin16.7.0/7.2.0/:/usr/local/Cellar/gcc/7.2.0/lib/gcc/7/gcc/x86_64-apple-darwin16.7.0/
LIBRARY_PATH=/usr/local/Cellar/gcc/7.2.0/lib/gcc/7/gcc/x86_64-apple-darwin16.7.0/7.2.0/:/usr/local/Cellar/gcc/7.2.0/lib/gcc/7/gcc/x86_64-apple-darwin16.7.0/7.2.0/../../../
COLLECT_GCC_OPTIONS='-v' '-o' 'cmTC_fac44' '-mmacosx-version-min=10.12.7' '-asm_macosx_version_min=10.12' '-shared-libgcc' '-mtune=core2'
 /usr/local/Cellar/gcc/7.2.0/libexec/gcc/x86_64-apple-darwin16.7.0/7.2.0/collect2 -syslibroot /Applications/Xcode.app/Contents/Developer/Platforms/MacOSX.platform/Developer/SDKs/MacOSX10.12.sdk/ -dynamic -arch x86_64 -macosx_version_min 10.12.7 -weak_reference_mismatches non-weak -o cmTC_fac44 -L/usr/local/Cellar/gcc/7.2.0/lib/gcc/7/gcc/x86_64-apple-darwin16.7.0/7.2.0 -L/usr/local/Cellar/gcc/7.2.0/lib/gcc/7/gcc/x86_64-apple-darwin16.7.0/7.2.0/../../.. -search_paths_first -headerpad_max_install_names -v CMakeFiles/cmTC_fac44.dir/CMakeCXXCompilerABI.cpp.o -lstdc++ -no_compact_unwind -lSystem -lgcc_ext.10.5 -lgcc -lSystem -v
collect2 version 7.2.0
/usr/bin/ld -syslibroot /Applications/Xcode.app/Contents/Developer/Platforms/MacOSX.platform/Developer/SDKs/MacOSX10.12.sdk/ -dynamic -arch x86_64 -macosx_version_min 10.12.7 -weak_reference_mismatches non-weak -o cmTC_fac44 -L/usr/local/Cellar/gcc/7.2.0/lib/gcc/7/gcc/x86_64-apple-darwin16.7.0/7.2.0 -L/usr/local/Cellar/gcc/7.2.0/lib/gcc/7/gcc/x86_64-apple-darwin16.7.0/7.2.0/../../.. -search_paths_first -headerpad_max_install_names -v CMakeFiles/cmTC_fac44.dir/CMakeCXXCompilerABI.cpp.o -lstdc++ -no_compact_unwind -lSystem -lgcc_ext.10.5 -lgcc -lSystem -v
@(#)PROGRAM:ld  PROJECT:ld64-278.4
configured to support archs: armv6 armv7 armv7s arm64 i386 x86_64 x86_64h armv6m armv7k armv7m armv7em (tvOS)
@(#)PROGRAM:ld  PROJECT:ld64-278.4
configured to support archs: armv6 armv7 armv7s arm64 i386 x86_64 x86_64h armv6m armv7k armv7m armv7em (tvOS)
Library search paths:
	/usr/local/Cellar/gcc/7.2.0/lib/gcc/7/gcc/x86_64-apple-darwin16.7.0/7.2.0
	/usr/local/Cellar/gcc/7.2.0/lib/gcc/7
	/Applications/Xcode.app/Contents/Developer/Platforms/MacOSX.platform/Developer/SDKs/MacOSX10.12.sdk/usr/lib
Framework search paths:
	/Applications/Xcode.app/Contents/Developer/Platforms/MacOSX.platform/Developer/SDKs/MacOSX10.12.sdk/System/Library/Frameworks/
 /usr/bin/nm -n CMakeFiles/cmTC_fac44.dir/CMakeCXXCompilerABI.cpp.o


Parsed CXX implicit link information from above output:
  link line regex: [^( *|.*[/\])(ld|([^/\]+-)?ld|collect2)[^/\]*( |$)]
  ignore line: [Change Dir: /Users/danielsampetethiyagu/github/RL_CS687/cpp_source_v3/build/Clion/Debug/CMakeFiles/CMakeTmp]
  ignore line: []
  ignore line: [Run Build Command:"/usr/bin/make" "cmTC_fac44/fast"]
  ignore line: [/Applications/Xcode.app/Contents/Developer/usr/bin/make -f CMakeFiles/cmTC_fac44.dir/build.make CMakeFiles/cmTC_fac44.dir/build]
  ignore line: [Building CXX object CMakeFiles/cmTC_fac44.dir/CMakeCXXCompilerABI.cpp.o]
  ignore line: [/usr/local/bin/g++-7     -o CMakeFiles/cmTC_fac44.dir/CMakeCXXCompilerABI.cpp.o -c /Applications/CLion.app/Contents/bin/cmake/share/cmake-3.8/Modules/CMakeCXXCompilerABI.cpp]
  ignore line: [Linking CXX executable cmTC_fac44]
  ignore line: [/Applications/CLion.app/Contents/bin/cmake/bin/cmake -E cmake_link_script CMakeFiles/cmTC_fac44.dir/link.txt --verbose=1]
  ignore line: [/usr/local/bin/g++-7    -Wl,-search_paths_first -Wl,-headerpad_max_install_names  -v -Wl,-v CMakeFiles/cmTC_fac44.dir/CMakeCXXCompilerABI.cpp.o  -o cmTC_fac44 ]
  ignore line: [Using built-in specs.]
  ignore line: [COLLECT_GCC=/usr/local/bin/g++-7]
  ignore line: [COLLECT_LTO_WRAPPER=/usr/local/Cellar/gcc/7.2.0/libexec/gcc/x86_64-apple-darwin16.7.0/7.2.0/lto-wrapper]
  ignore line: [Target: x86_64-apple-darwin16.7.0]
  ignore line: [Configured with: ../configure --build=x86_64-apple-darwin16.7.0 --prefix=/usr/local/Cellar/gcc/7.2.0 --libdir=/usr/local/Cellar/gcc/7.2.0/lib/gcc/7 --enable-languages=c,c++,objc,obj-c++,fortran --program-suffix=-7 --with-gmp=/usr/local/opt/gmp --with-mpfr=/usr/local/opt/mpfr --with-mpc=/usr/local/opt/libmpc --with-isl=/usr/local/opt/isl --with-system-zlib --enable-checking=release --with-pkgversion='Homebrew GCC 7.2.0' --with-bugurl=https://github.com/Homebrew/homebrew-core/issues --disable-nls --with-native-system-header-dir=/usr/include --with-sysroot=/Applications/Xcode.app/Contents/Developer/Platforms/MacOSX.platform/Developer/SDKs/MacOSX10.12.sdk]
  ignore line: [Thread model: posix]
  ignore line: [gcc version 7.2.0 (Homebrew GCC 7.2.0) ]
  ignore line: [COMPILER_PATH=/usr/local/Cellar/gcc/7.2.0/libexec/gcc/x86_64-apple-darwin16.7.0/7.2.0/:/usr/local/Cellar/gcc/7.2.0/libexec/gcc/x86_64-apple-darwin16.7.0/7.2.0/:/usr/local/Cellar/gcc/7.2.0/libexec/gcc/x86_64-apple-darwin16.7.0/:/usr/local/Cellar/gcc/7.2.0/lib/gcc/7/gcc/x86_64-apple-darwin16.7.0/7.2.0/:/usr/local/Cellar/gcc/7.2.0/lib/gcc/7/gcc/x86_64-apple-darwin16.7.0/]
  ignore line: [LIBRARY_PATH=/usr/local/Cellar/gcc/7.2.0/lib/gcc/7/gcc/x86_64-apple-darwin16.7.0/7.2.0/:/usr/local/Cellar/gcc/7.2.0/lib/gcc/7/gcc/x86_64-apple-darwin16.7.0/7.2.0/../../../]
  ignore line: [COLLECT_GCC_OPTIONS='-v' '-o' 'cmTC_fac44' '-mmacosx-version-min=10.12.7' '-asm_macosx_version_min=10.12' '-shared-libgcc' '-mtune=core2']
  link line: [ /usr/local/Cellar/gcc/7.2.0/libexec/gcc/x86_64-apple-darwin16.7.0/7.2.0/collect2 -syslibroot /Applications/Xcode.app/Contents/Developer/Platforms/MacOSX.platform/Developer/SDKs/MacOSX10.12.sdk/ -dynamic -arch x86_64 -macosx_version_min 10.12.7 -weak_reference_mismatches non-weak -o cmTC_fac44 -L/usr/local/Cellar/gcc/7.2.0/lib/gcc/7/gcc/x86_64-apple-darwin16.7.0/7.2.0 -L/usr/local/Cellar/gcc/7.2.0/lib/gcc/7/gcc/x86_64-apple-darwin16.7.0/7.2.0/../../.. -search_paths_first -headerpad_max_install_names -v CMakeFiles/cmTC_fac44.dir/CMakeCXXCompilerABI.cpp.o -lstdc++ -no_compact_unwind -lSystem -lgcc_ext.10.5 -lgcc -lSystem -v]
    arg [/usr/local/Cellar/gcc/7.2.0/libexec/gcc/x86_64-apple-darwin16.7.0/7.2.0/collect2] ==> ignore
    arg [-syslibroot] ==> ignore
    arg [/Applications/Xcode.app/Contents/Developer/Platforms/MacOSX.platform/Developer/SDKs/MacOSX10.12.sdk/] ==> ignore
    arg [-dynamic] ==> ignore
    arg [-arch] ==> ignore
    arg [x86_64] ==> ignore
    arg [-macosx_version_min] ==> ignore
    arg [10.12.7] ==> ignore
    arg [-weak_reference_mismatches] ==> ignore
    arg [non-weak] ==> ignore
    arg [-o] ==> ignore
    arg [cmTC_fac44] ==> ignore
    arg [-L/usr/local/Cellar/gcc/7.2.0/lib/gcc/7/gcc/x86_64-apple-darwin16.7.0/7.2.0] ==> dir [/usr/local/Cellar/gcc/7.2.0/lib/gcc/7/gcc/x86_64-apple-darwin16.7.0/7.2.0]
    arg [-L/usr/local/Cellar/gcc/7.2.0/lib/gcc/7/gcc/x86_64-apple-darwin16.7.0/7.2.0/../../..] ==> dir [/usr/local/Cellar/gcc/7.2.0/lib/gcc/7/gcc/x86_64-apple-darwin16.7.0/7.2.0/../../..]
    arg [-search_paths_first] ==> ignore
    arg [-headerpad_max_install_names] ==> ignore
    arg [-v] ==> ignore
    arg [CMakeFiles/cmTC_fac44.dir/CMakeCXXCompilerABI.cpp.o] ==> ignore
    arg [-lstdc++] ==> lib [stdc++]
    arg [-no_compact_unwind] ==> ignore
    arg [-lSystem] ==> lib [System]
    arg [-lgcc_ext.10.5] ==> lib [gcc_ext.10.5]
    arg [-lgcc] ==> lib [gcc]
    arg [-lSystem] ==> lib [System]
    arg [-v] ==> ignore
  Library search paths: [;/usr/local/Cellar/gcc/7.2.0/lib/gcc/7/gcc/x86_64-apple-darwin16.7.0/7.2.0;/usr/local/Cellar/gcc/7.2.0/lib/gcc/7;/Applications/Xcode.app/Contents/Developer/Platforms/MacOSX.platform/Developer/SDKs/MacOSX10.12.sdk/usr/lib]
  Framework search paths: [;/Applications/Xcode.app/Contents/Developer/Platforms/MacOSX.platform/Developer/SDKs/MacOSX10.12.sdk/System/Library/Frameworks/]
  remove lib [System]
  remove lib [gcc_ext.10.5]
  remove lib [gcc]
  remove lib [System]
  collapse library dir [/usr/local/Cellar/gcc/7.2.0/lib/gcc/7/gcc/x86_64-apple-darwin16.7.0/7.2.0] ==> [/usr/local/Cellar/gcc/7.2.0/lib/gcc/7/gcc/x86_64-apple-darwin16.7.0/7.2.0]
  collapse library dir [/usr/local/Cellar/gcc/7.2.0/lib/gcc/7/gcc/x86_64-apple-darwin16.7.0/7.2.0/../../..] ==> [/usr/local/Cellar/gcc/7.2.0/lib/gcc/7]
  collapse library dir [/usr/local/Cellar/gcc/7.2.0/lib/gcc/7/gcc/x86_64-apple-darwin16.7.0/7.2.0] ==> [/usr/local/Cellar/gcc/7.2.0/lib/gcc/7/gcc/x86_64-apple-darwin16.7.0/7.2.0]
  collapse library dir [/usr/local/Cellar/gcc/7.2.0/lib/gcc/7] ==> [/usr/local/Cellar/gcc/7.2.0/lib/gcc/7]
  collapse library dir [/Applications/Xcode.app/Contents/Developer/Platforms/MacOSX.platform/Developer/SDKs/MacOSX10.12.sdk/usr/lib] ==> [/Applications/Xcode.app/Contents/Developer/Platforms/MacOSX.platform/Developer/SDKs/MacOSX10.12.sdk/usr/lib]
  collapse framework dir [/Applications/Xcode.app/Contents/Developer/Platforms/MacOSX.platform/Developer/SDKs/MacOSX10.12.sdk/System/Library/Frameworks/] ==> [/Applications/Xcode.app/Contents/Developer/Platforms/MacOSX.platform/Developer/SDKs/MacOSX10.12.sdk/System/Library/Frameworks]
  implicit libs: [stdc++]
  implicit dirs: [/usr/local/Cellar/gcc/7.2.0/lib/gcc/7/gcc/x86_64-apple-darwin16.7.0/7.2.0;/usr/local/Cellar/gcc/7.2.0/lib/gcc/7;/Applications/Xcode.app/Contents/Developer/Platforms/MacOSX.platform/Developer/SDKs/MacOSX10.12.sdk/usr/lib]
  implicit fwks: [/Applications/Xcode.app/Contents/Developer/Platforms/MacOSX.platform/Developer/SDKs/MacOSX10.12.sdk/System/Library/Frameworks]




Detecting CXX [-std=c++1z] compiler features compiled with the following output:
Change Dir: /Users/danielsampetethiyagu/github/RL_CS687/cpp_source_v3/build/Clion/Debug/CMakeFiles/CMakeTmp

Run Build Command:"/usr/bin/make" "cmTC_1a9fc/fast"
/Applications/Xcode.app/Contents/Developer/usr/bin/make -f CMakeFiles/cmTC_1a9fc.dir/build.make CMakeFiles/cmTC_1a9fc.dir/build
Building CXX object CMakeFiles/cmTC_1a9fc.dir/feature_tests.cxx.o
/usr/local/bin/g++-7    -std=c++1z -o CMakeFiles/cmTC_1a9fc.dir/feature_tests.cxx.o -c /Users/danielsampetethiyagu/github/RL_CS687/cpp_source_v3/build/Clion/Debug/CMakeFiles/feature_tests.cxx
Linking CXX executable cmTC_1a9fc
/Applications/CLion.app/Contents/bin/cmake/bin/cmake -E cmake_link_script CMakeFiles/cmTC_1a9fc.dir/link.txt --verbose=1
/usr/local/bin/g++-7    -Wl,-search_paths_first -Wl,-headerpad_max_install_names   CMakeFiles/cmTC_1a9fc.dir/feature_tests.cxx.o  -o cmTC_1a9fc 


    Feature record: CXX_FEATURE:1cxx_aggregate_default_initializers
    Feature record: CXX_FEATURE:1cxx_alias_templates
    Feature record: CXX_FEATURE:1cxx_alignas
    Feature record: CXX_FEATURE:1cxx_alignof
    Feature record: CXX_FEATURE:1cxx_attributes
    Feature record: CXX_FEATURE:1cxx_attribute_deprecated
    Feature record: CXX_FEATURE:1cxx_auto_type
    Feature record: CXX_FEATURE:1cxx_binary_literals
    Feature record: CXX_FEATURE:1cxx_constexpr
    Feature record: CXX_FEATURE:1cxx_contextual_conversions
    Feature record: CXX_FEATURE:1cxx_decltype
    Feature record: CXX_FEATURE:1cxx_decltype_auto
    Feature record: CXX_FEATURE:1cxx_decltype_incomplete_return_types
    Feature record: CXX_FEATURE:1cxx_default_function_template_args
    Feature record: CXX_FEATURE:1cxx_defaulted_functions
    Feature record: CXX_FEATURE:1cxx_defaulted_move_initializers
    Feature record: CXX_FEATURE:1cxx_delegating_constructors
    Feature record: CXX_FEATURE:1cxx_deleted_functions
    Feature record: CXX_FEATURE:1cxx_digit_separators
    Feature record: CXX_FEATURE:1cxx_enum_forward_declarations
    Feature record: CXX_FEATURE:1cxx_explicit_conversions
    Feature record: CXX_FEATURE:1cxx_extended_friend_declarations
    Feature record: CXX_FEATURE:1cxx_extern_templates
    Feature record: CXX_FEATURE:1cxx_final
    Feature record: CXX_FEATURE:1cxx_func_identifier
    Feature record: CXX_FEATURE:1cxx_generalized_initializers
    Feature record: CXX_FEATURE:1cxx_generic_lambdas
    Feature record: CXX_FEATURE:1cxx_inheriting_constructors
    Feature record: CXX_FEATURE:1cxx_inline_namespaces
    Feature record: CXX_FEATURE:1cxx_lambdas
    Feature record: CXX_FEATURE:1cxx_lambda_init_captures
    Feature record: CXX_FEATURE:1cxx_local_type_template_args
    Feature record: CXX_FEATURE:1cxx_long_long_type
    Feature record: CXX_FEATURE:1cxx_noexcept
    Feature record: CXX_FEATURE:1cxx_nonstatic_member_init
    Feature record: CXX_FEATURE:1cxx_nullptr
    Feature record: CXX_FEATURE:1cxx_override
    Feature record: CXX_FEATURE:1cxx_range_for
    Feature record: CXX_FEATURE:1cxx_raw_string_literals
    Feature record: CXX_FEATURE:1cxx_reference_qualified_functions
    Feature record: CXX_FEATURE:1cxx_relaxed_constexpr
    Feature record: CXX_FEATURE:1cxx_return_type_deduction
    Feature record: CXX_FEATURE:1cxx_right_angle_brackets
    Feature record: CXX_FEATURE:1cxx_rvalue_references
    Feature record: CXX_FEATURE:1cxx_sizeof_member
    Feature record: CXX_FEATURE:1cxx_static_assert
    Feature record: CXX_FEATURE:1cxx_strong_enums
    Feature record: CXX_FEATURE:1cxx_template_template_parameters
    Feature record: CXX_FEATURE:1cxx_thread_local
    Feature record: CXX_FEATURE:1cxx_trailing_return_types
    Feature record: CXX_FEATURE:1cxx_unicode_literals
    Feature record: CXX_FEATURE:1cxx_uniform_initialization
    Feature record: CXX_FEATURE:1cxx_unrestricted_unions
    Feature record: CXX_FEATURE:1cxx_user_literals
    Feature record: CXX_FEATURE:1cxx_variable_templates
    Feature record: CXX_FEATURE:1cxx_variadic_macros
    Feature record: CXX_FEATURE:1cxx_variadic_templates


Detecting CXX [-std=c++14] compiler features compiled with the following output:
Change Dir: /Users/danielsampetethiyagu/github/RL_CS687/cpp_source_v3/build/Clion/Debug/CMakeFiles/CMakeTmp

Run Build Command:"/usr/bin/make" "cmTC_ffa38/fast"
/Applications/Xcode.app/Contents/Developer/usr/bin/make -f CMakeFiles/cmTC_ffa38.dir/build.make CMakeFiles/cmTC_ffa38.dir/build
Building CXX object CMakeFiles/cmTC_ffa38.dir/feature_tests.cxx.o
/usr/local/bin/g++-7    -std=c++14 -o CMakeFiles/cmTC_ffa38.dir/feature_tests.cxx.o -c /Users/danielsampetethiyagu/github/RL_CS687/cpp_source_v3/build/Clion/Debug/CMakeFiles/feature_tests.cxx
Linking CXX executable cmTC_ffa38
/Applications/CLion.app/Contents/bin/cmake/bin/cmake -E cmake_link_script CMakeFiles/cmTC_ffa38.dir/link.txt --verbose=1
/usr/local/bin/g++-7    -Wl,-search_paths_first -Wl,-headerpad_max_install_names   CMakeFiles/cmTC_ffa38.dir/feature_tests.cxx.o  -o cmTC_ffa38 


    Feature record: CXX_FEATURE:1cxx_aggregate_default_initializers
    Feature record: CXX_FEATURE:1cxx_alias_templates
    Feature record: CXX_FEATURE:1cxx_alignas
    Feature record: CXX_FEATURE:1cxx_alignof
    Feature record: CXX_FEATURE:1cxx_attributes
    Feature record: CXX_FEATURE:1cxx_attribute_deprecated
    Feature record: CXX_FEATURE:1cxx_auto_type
    Feature record: CXX_FEATURE:1cxx_binary_literals
    Feature record: CXX_FEATURE:1cxx_constexpr
    Feature record: CXX_FEATURE:1cxx_contextual_conversions
    Feature record: CXX_FEATURE:1cxx_decltype
    Feature record: CXX_FEATURE:1cxx_decltype_auto
    Feature record: CXX_FEATURE:1cxx_decltype_incomplete_return_types
    Feature record: CXX_FEATURE:1cxx_default_function_template_args
    Feature record: CXX_FEATURE:1cxx_defaulted_functions
    Feature record: CXX_FEATURE:1cxx_defaulted_move_initializers
    Feature record: CXX_FEATURE:1cxx_delegating_constructors
    Feature record: CXX_FEATURE:1cxx_deleted_functions
    Feature record: CXX_FEATURE:1cxx_digit_separators
    Feature record: CXX_FEATURE:1cxx_enum_forward_declarations
    Feature record: CXX_FEATURE:1cxx_explicit_conversions
    Feature record: CXX_FEATURE:1cxx_extended_friend_declarations
    Feature record: CXX_FEATURE:1cxx_extern_templates
    Feature record: CXX_FEATURE:1cxx_final
    Feature record: CXX_FEATURE:1cxx_func_identifier
    Feature record: CXX_FEATURE:1cxx_generalized_initializers
    Feature record: CXX_FEATURE:1cxx_generic_lambdas
    Feature record: CXX_FEATURE:1cxx_inheriting_constructors
    Feature record: CXX_FEATURE:1cxx_inline_namespaces
    Feature record: CXX_FEATURE:1cxx_lambdas
    Feature record: CXX_FEATURE:1cxx_lambda_init_captures
    Feature record: CXX_FEATURE:1cxx_local_type_template_args
    Feature record: CXX_FEATURE:1cxx_long_long_type
    Feature record: CXX_FEATURE:1cxx_noexcept
    Feature record: CXX_FEATURE:1cxx_nonstatic_member_init
    Feature record: CXX_FEATURE:1cxx_nullptr
    Feature record: CXX_FEATURE:1cxx_override
    Feature record: CXX_FEATURE:1cxx_range_for
    Feature record: CXX_FEATURE:1cxx_raw_string_literals
    Feature record: CXX_FEATURE:1cxx_reference_qualified_functions
    Feature record: CXX_FEATURE:1cxx_relaxed_constexpr
    Feature record: CXX_FEATURE:1cxx_return_type_deduction
    Feature record: CXX_FEATURE:1cxx_right_angle_brackets
    Feature record: CXX_FEATURE:1cxx_rvalue_references
    Feature record: CXX_FEATURE:1cxx_sizeof_member
    Feature record: CXX_FEATURE:1cxx_static_assert
    Feature record: CXX_FEATURE:1cxx_strong_enums
    Feature record: CXX_FEATURE:1cxx_template_template_parameters
    Feature record: CXX_FEATURE:1cxx_thread_local
    Feature record: CXX_FEATURE:1cxx_trailing_return_types
    Feature record: CXX_FEATURE:1cxx_unicode_literals
    Feature record: CXX_FEATURE:1cxx_uniform_initialization
    Feature record: CXX_FEATURE:1cxx_unrestricted_unions
    Feature record: CXX_FEATURE:1cxx_user_literals
    Feature record: CXX_FEATURE:1cxx_variable_templates
    Feature record: CXX_FEATURE:1cxx_variadic_macros
    Feature record: CXX_FEATURE:1cxx_variadic_templates


Detecting CXX [-std=c++11] compiler features compiled with the following output:
Change Dir: /Users/danielsampetethiyagu/github/RL_CS687/cpp_source_v3/build/Clion/Debug/CMakeFiles/CMakeTmp

Run Build Command:"/usr/bin/make" "cmTC_9a5b0/fast"
/Applications/Xcode.app/Contents/Developer/usr/bin/make -f CMakeFiles/cmTC_9a5b0.dir/build.make CMakeFiles/cmTC_9a5b0.dir/build
Building CXX object CMakeFiles/cmTC_9a5b0.dir/feature_tests.cxx.o
/usr/local/bin/g++-7    -std=c++11 -o CMakeFiles/cmTC_9a5b0.dir/feature_tests.cxx.o -c /Users/danielsampetethiyagu/github/RL_CS687/cpp_source_v3/build/Clion/Debug/CMakeFiles/feature_tests.cxx
Linking CXX executable cmTC_9a5b0
/Applications/CLion.app/Contents/bin/cmake/bin/cmake -E cmake_link_script CMakeFiles/cmTC_9a5b0.dir/link.txt --verbose=1
/usr/local/bin/g++-7    -Wl,-search_paths_first -Wl,-headerpad_max_install_names   CMakeFiles/cmTC_9a5b0.dir/feature_tests.cxx.o  -o cmTC_9a5b0 


    Feature record: CXX_FEATURE:0cxx_aggregate_default_initializers
    Feature record: CXX_FEATURE:1cxx_alias_templates
    Feature record: CXX_FEATURE:1cxx_alignas
    Feature record: CXX_FEATURE:1cxx_alignof
    Feature record: CXX_FEATURE:1cxx_attributes
    Feature record: CXX_FEATURE:0cxx_attribute_deprecated
    Feature record: CXX_FEATURE:1cxx_auto_type
    Feature record: CXX_FEATURE:0cxx_binary_literals
    Feature record: CXX_FEATURE:1cxx_constexpr
    Feature record: CXX_FEATURE:0cxx_contextual_conversions
    Feature record: CXX_FEATURE:1cxx_decltype
    Feature record: CXX_FEATURE:0cxx_decltype_auto
    Feature record: CXX_FEATURE:1cxx_decltype_incomplete_return_types
    Feature record: CXX_FEATURE:1cxx_default_function_template_args
    Feature record: CXX_FEATURE:1cxx_defaulted_functions
    Feature record: CXX_FEATURE:1cxx_defaulted_move_initializers
    Feature record: CXX_FEATURE:1cxx_delegating_constructors
    Feature record: CXX_FEATURE:1cxx_deleted_functions
    Feature record: CXX_FEATURE:0cxx_digit_separators
    Feature record: CXX_FEATURE:1cxx_enum_forward_declarations
    Feature record: CXX_FEATURE:1cxx_explicit_conversions
    Feature record: CXX_FEATURE:1cxx_extended_friend_declarations
    Feature record: CXX_FEATURE:1cxx_extern_templates
    Feature record: CXX_FEATURE:1cxx_final
    Feature record: CXX_FEATURE:1cxx_func_identifier
    Feature record: CXX_FEATURE:1cxx_generalized_initializers
    Feature record: CXX_FEATURE:0cxx_generic_lambdas
    Feature record: CXX_FEATURE:1cxx_inheriting_constructors
    Feature record: CXX_FEATURE:1cxx_inline_namespaces
    Feature record: CXX_FEATURE:1cxx_lambdas
    Feature record: CXX_FEATURE:0cxx_lambda_init_captures
    Feature record: CXX_FEATURE:1cxx_local_type_template_args
    Feature record: CXX_FEATURE:1cxx_long_long_type
    Feature record: CXX_FEATURE:1cxx_noexcept
    Feature record: CXX_FEATURE:1cxx_nonstatic_member_init
    Feature record: CXX_FEATURE:1cxx_nullptr
    Feature record: CXX_FEATURE:1cxx_override
    Feature record: CXX_FEATURE:1cxx_range_for
    Feature record: CXX_FEATURE:1cxx_raw_string_literals
    Feature record: CXX_FEATURE:1cxx_reference_qualified_functions
    Feature record: CXX_FEATURE:0cxx_relaxed_constexpr
    Feature record: CXX_FEATURE:0cxx_return_type_deduction
    Feature record: CXX_FEATURE:1cxx_right_angle_brackets
    Feature record: CXX_FEATURE:1cxx_rvalue_references
    Feature record: CXX_FEATURE:1cxx_sizeof_member
    Feature record: CXX_FEATURE:1cxx_static_assert
    Feature record: CXX_FEATURE:1cxx_strong_enums
    Feature record: CXX_FEATURE:1cxx_template_template_parameters
    Feature record: CXX_FEATURE:1cxx_thread_local
    Feature record: CXX_FEATURE:1cxx_trailing_return_types
    Feature record: CXX_FEATURE:1cxx_unicode_literals
    Feature record: CXX_FEATURE:1cxx_uniform_initialization
    Feature record: CXX_FEATURE:1cxx_unrestricted_unions
    Feature record: CXX_FEATURE:1cxx_user_literals
    Feature record: CXX_FEATURE:0cxx_variable_templates
    Feature record: CXX_FEATURE:1cxx_variadic_macros
    Feature record: CXX_FEATURE:1cxx_variadic_templates


Detecting CXX [-std=c++98] compiler features compiled with the following output:
Change Dir: /Users/danielsampetethiyagu/github/RL_CS687/cpp_source_v3/build/Clion/Debug/CMakeFiles/CMakeTmp

Run Build Command:"/usr/bin/make" "cmTC_4c532/fast"
/Applications/Xcode.app/Contents/Developer/usr/bin/make -f CMakeFiles/cmTC_4c532.dir/build.make CMakeFiles/cmTC_4c532.dir/build
Building CXX object CMakeFiles/cmTC_4c532.dir/feature_tests.cxx.o
/usr/local/bin/g++-7    -std=c++98 -o CMakeFiles/cmTC_4c532.dir/feature_tests.cxx.o -c /Users/danielsampetethiyagu/github/RL_CS687/cpp_source_v3/build/Clion/Debug/CMakeFiles/feature_tests.cxx
Linking CXX executable cmTC_4c532
/Applications/CLion.app/Contents/bin/cmake/bin/cmake -E cmake_link_script CMakeFiles/cmTC_4c532.dir/link.txt --verbose=1
/usr/local/bin/g++-7    -Wl,-search_paths_first -Wl,-headerpad_max_install_names   CMakeFiles/cmTC_4c532.dir/feature_tests.cxx.o  -o cmTC_4c532 


    Feature record: CXX_FEATURE:0cxx_aggregate_default_initializers
    Feature record: CXX_FEATURE:0cxx_alias_templates
    Feature record: CXX_FEATURE:0cxx_alignas
    Feature record: CXX_FEATURE:0cxx_alignof
    Feature record: CXX_FEATURE:0cxx_attributes
    Feature record: CXX_FEATURE:0cxx_attribute_deprecated
    Feature record: CXX_FEATURE:0cxx_auto_type
    Feature record: CXX_FEATURE:0cxx_binary_literals
    Feature record: CXX_FEATURE:0cxx_constexpr
    Feature record: CXX_FEATURE:0cxx_contextual_conversions
    Feature record: CXX_FEATURE:0cxx_decltype
    Feature record: CXX_FEATURE:0cxx_decltype_auto
    Feature record: CXX_FEATURE:0cxx_decltype_incomplete_return_types
    Feature record: CXX_FEATURE:0cxx_default_function_template_args
    Feature record: CXX_FEATURE:0cxx_defaulted_functions
    Feature record: CXX_FEATURE:0cxx_defaulted_move_initializers
    Feature record: CXX_FEATURE:0cxx_delegating_constructors
    Feature record: CXX_FEATURE:0cxx_deleted_functions
    Feature record: CXX_FEATURE:0cxx_digit_separators
    Feature record: CXX_FEATURE:0cxx_enum_forward_declarations
    Feature record: CXX_FEATURE:0cxx_explicit_conversions
    Feature record: CXX_FEATURE:0cxx_extended_friend_declarations
    Feature record: CXX_FEATURE:0cxx_extern_templates
    Feature record: CXX_FEATURE:0cxx_final
    Feature record: CXX_FEATURE:0cxx_func_identifier
    Feature record: CXX_FEATURE:0cxx_generalized_initializers
    Feature record: CXX_FEATURE:0cxx_generic_lambdas
    Feature record: CXX_FEATURE:0cxx_inheriting_constructors
    Feature record: CXX_FEATURE:0cxx_inline_namespaces
    Feature record: CXX_FEATURE:0cxx_lambdas
    Feature record: CXX_FEATURE:0cxx_lambda_init_captures
    Feature record: CXX_FEATURE:0cxx_local_type_template_args
    Feature record: CXX_FEATURE:0cxx_long_long_type
    Feature record: CXX_FEATURE:0cxx_noexcept
    Feature record: CXX_FEATURE:0cxx_nonstatic_member_init
    Feature record: CXX_FEATURE:0cxx_nullptr
    Feature record: CXX_FEATURE:0cxx_override
    Feature record: CXX_FEATURE:0cxx_range_for
    Feature record: CXX_FEATURE:0cxx_raw_string_literals
    Feature record: CXX_FEATURE:0cxx_reference_qualified_functions
    Feature record: CXX_FEATURE:0cxx_relaxed_constexpr
    Feature record: CXX_FEATURE:0cxx_return_type_deduction
    Feature record: CXX_FEATURE:0cxx_right_angle_brackets
    Feature record: CXX_FEATURE:0cxx_rvalue_references
    Feature record: CXX_FEATURE:0cxx_sizeof_member
    Feature record: CXX_FEATURE:0cxx_static_assert
    Feature record: CXX_FEATURE:0cxx_strong_enums
    Feature record: CXX_FEATURE:1cxx_template_template_parameters
    Feature record: CXX_FEATURE:0cxx_thread_local
    Feature record: CXX_FEATURE:0cxx_trailing_return_types
    Feature record: CXX_FEATURE:0cxx_unicode_literals
    Feature record: CXX_FEATURE:0cxx_uniform_initialization
    Feature record: CXX_FEATURE:0cxx_unrestricted_unions
    Feature record: CXX_FEATURE:0cxx_user_literals
    Feature record: CXX_FEATURE:0cxx_variable_templates
    Feature record: CXX_FEATURE:0cxx_variadic_macros
    Feature record: CXX_FEATURE:0cxx_variadic_templates
Performing C SOURCE FILE Test OpenMP_FLAG_DETECTED succeeded with the following output:
Change Dir: /Users/danielsampetethiyagu/github/RL_CS687/cpp_source_v3/build/Clion/Debug/CMakeFiles/CMakeTmp

Run Build Command:"/usr/bin/make" "cmTC_4eb9a/fast"
/Applications/Xcode.app/Contents/Developer/usr/bin/make -f CMakeFiles/cmTC_4eb9a.dir/build.make CMakeFiles/cmTC_4eb9a.dir/build
Building C object CMakeFiles/cmTC_4eb9a.dir/src.c.o
/usr/local/bin/gcc-7   -DOpenMP_FLAG_DETECTED -fopenmp   -o CMakeFiles/cmTC_4eb9a.dir/src.c.o   -c /Users/danielsampetethiyagu/github/RL_CS687/cpp_source_v3/build/Clion/Debug/CMakeFiles/CMakeTmp/src.c
Linking C executable cmTC_4eb9a
/Applications/CLion.app/Contents/bin/cmake/bin/cmake -E cmake_link_script CMakeFiles/cmTC_4eb9a.dir/link.txt --verbose=1
/usr/local/bin/gcc-7  -DOpenMP_FLAG_DETECTED -fopenmp -Wl,-search_paths_first -Wl,-headerpad_max_install_names   CMakeFiles/cmTC_4eb9a.dir/src.c.o  -o cmTC_4eb9a 

Source file was:

#include <omp.h>
int main() {
#ifdef _OPENMP
  return 0;
#else
  breaks_on_purpose
#endif
}

Performing C++ SOURCE FILE Test OpenMP_FLAG_DETECTED succeeded with the following output:
Change Dir: /Users/danielsampetethiyagu/github/RL_CS687/cpp_source_v3/build/Clion/Debug/CMakeFiles/CMakeTmp

Run Build Command:"/usr/bin/make" "cmTC_7b40c/fast"
/Applications/Xcode.app/Contents/Developer/usr/bin/make -f CMakeFiles/cmTC_7b40c.dir/build.make CMakeFiles/cmTC_7b40c.dir/build
Building CXX object CMakeFiles/cmTC_7b40c.dir/src.cxx.o
/usr/local/bin/g++-7    -DOpenMP_FLAG_DETECTED -fopenmp   -o CMakeFiles/cmTC_7b40c.dir/src.cxx.o -c /Users/danielsampetethiyagu/github/RL_CS687/cpp_source_v3/build/Clion/Debug/CMakeFiles/CMakeTmp/src.cxx
Linking CXX executable cmTC_7b40c
/Applications/CLion.app/Contents/bin/cmake/bin/cmake -E cmake_link_script CMakeFiles/cmTC_7b40c.dir/link.txt --verbose=1
/usr/local/bin/g++-7   -DOpenMP_FLAG_DETECTED -fopenmp -Wl,-search_paths_first -Wl,-headerpad_max_install_names   CMakeFiles/cmTC_7b40c.dir/src.cxx.o  -o cmTC_7b40c 

Source file was:

#include <omp.h>
int main() {
#ifdef _OPENMP
  return 0;
#else
  breaks_on_purpose
#endif
}

Determining if the function XOpenDisplay exists in the /usr/X11R6/lib/libX11.dylib;/usr/X11R6/lib/libXext.dylib passed with the following output:
Change Dir: /Users/danielsampetethiyagu/github/RL_CS687/cpp_source_v3/build/Clion/Debug/CMakeFiles/CMakeTmp

Run Build Command:"/usr/bin/make" "cmTC_b2396/fast"
/Applications/Xcode.app/Contents/Developer/usr/bin/make -f CMakeFiles/cmTC_b2396.dir/build.make CMakeFiles/cmTC_b2396.dir/build
Building C object CMakeFiles/cmTC_b2396.dir/CheckFunctionExists.c.o
/usr/local/bin/gcc-7   -fopenmp -DCHECK_FUNCTION_EXISTS=XOpenDisplay   -o CMakeFiles/cmTC_b2396.dir/CheckFunctionExists.c.o   -c /Applications/CLion.app/Contents/bin/cmake/share/cmake-3.8/Modules/CheckFunctionExists.c
Linking C executable cmTC_b2396
/Applications/CLion.app/Contents/bin/cmake/bin/cmake -E cmake_link_script CMakeFiles/cmTC_b2396.dir/link.txt --verbose=1
/usr/local/bin/gcc-7  -fopenmp -DCHECK_FUNCTION_EXISTS=XOpenDisplay -Wl,-search_paths_first -Wl,-headerpad_max_install_names   CMakeFiles/cmTC_b2396.dir/CheckFunctionExists.c.o  -o cmTC_b2396  -L/usr/X11R6/lib -Wl,-rpath,/usr/X11R6/lib /usr/X11R6/lib/libX11.dylib /usr/X11R6/lib/libXext.dylib 


Determining if the function gethostbyname exists passed with the following output:
Change Dir: /Users/danielsampetethiyagu/github/RL_CS687/cpp_source_v3/build/Clion/Debug/CMakeFiles/CMakeTmp

Run Build Command:"/usr/bin/make" "cmTC_fdd7b/fast"
/Applications/Xcode.app/Contents/Developer/usr/bin/make -f CMakeFiles/cmTC_fdd7b.dir/build.make CMakeFiles/cmTC_fdd7b.dir/build
Building C object CMakeFiles/cmTC_fdd7b.dir/CheckFunctionExists.c.o
/usr/local/bin/gcc-7   -fopenmp -DCHECK_FUNCTION_EXISTS=gethostbyname   -o CMakeFiles/cmTC_fdd7b.dir/CheckFunctionExists.c.o   -c /Applications/CLion.app/Contents/bin/cmake/share/cmake-3.8/Modules/CheckFunctionExists.c
Linking C executable cmTC_fdd7b
/Applications/CLion.app/Contents/bin/cmake/bin/cmake -E cmake_link_script CMakeFiles/cmTC_fdd7b.dir/link.txt --verbose=1
/usr/local/bin/gcc-7  -fopenmp -DCHECK_FUNCTION_EXISTS=gethostbyname -Wl,-search_paths_first -Wl,-headerpad_max_install_names   CMakeFiles/cmTC_fdd7b.dir/CheckFunctionExists.c.o  -o cmTC_fdd7b 


Determining if the function connect exists passed with the following output:
Change Dir: /Users/danielsampetethiyagu/github/RL_CS687/cpp_source_v3/build/Clion/Debug/CMakeFiles/CMakeTmp

Run Build Command:"/usr/bin/make" "cmTC_ddd39/fast"
/Applications/Xcode.app/Contents/Developer/usr/bin/make -f CMakeFiles/cmTC_ddd39.dir/build.make CMakeFiles/cmTC_ddd39.dir/build
Building C object CMakeFiles/cmTC_ddd39.dir/CheckFunctionExists.c.o
/usr/local/bin/gcc-7   -fopenmp -DCHECK_FUNCTION_EXISTS=connect   -o CMakeFiles/cmTC_ddd39.dir/CheckFunctionExists.c.o   -c /Applications/CLion.app/Contents/bin/cmake/share/cmake-3.8/Modules/CheckFunctionExists.c
Linking C executable cmTC_ddd39
/Applications/CLion.app/Contents/bin/cmake/bin/cmake -E cmake_link_script CMakeFiles/cmTC_ddd39.dir/link.txt --verbose=1
/usr/local/bin/gcc-7  -fopenmp -DCHECK_FUNCTION_EXISTS=connect -Wl,-search_paths_first -Wl,-headerpad_max_install_names   CMakeFiles/cmTC_ddd39.dir/CheckFunctionExists.c.o  -o cmTC_ddd39 


Determining if the function remove exists passed with the following output:
Change Dir: /Users/danielsampetethiyagu/github/RL_CS687/cpp_source_v3/build/Clion/Debug/CMakeFiles/CMakeTmp

Run Build Command:"/usr/bin/make" "cmTC_4ec77/fast"
/Applications/Xcode.app/Contents/Developer/usr/bin/make -f CMakeFiles/cmTC_4ec77.dir/build.make CMakeFiles/cmTC_4ec77.dir/build
Building C object CMakeFiles/cmTC_4ec77.dir/CheckFunctionExists.c.o
/usr/local/bin/gcc-7   -fopenmp -DCHECK_FUNCTION_EXISTS=remove   -o CMakeFiles/cmTC_4ec77.dir/CheckFunctionExists.c.o   -c /Applications/CLion.app/Contents/bin/cmake/share/cmake-3.8/Modules/CheckFunctionExists.c
Linking C executable cmTC_4ec77
/Applications/CLion.app/Contents/bin/cmake/bin/cmake -E cmake_link_script CMakeFiles/cmTC_4ec77.dir/link.txt --verbose=1
/usr/local/bin/gcc-7  -fopenmp -DCHECK_FUNCTION_EXISTS=remove -Wl,-search_paths_first -Wl,-headerpad_max_install_names   CMakeFiles/cmTC_4ec77.dir/CheckFunctionExists.c.o  -o cmTC_4ec77 


Determining if the function shmat exists passed with the following output:
Change Dir: /Users/danielsampetethiyagu/github/RL_CS687/cpp_source_v3/build/Clion/Debug/CMakeFiles/CMakeTmp

Run Build Command:"/usr/bin/make" "cmTC_3a38f/fast"
/Applications/Xcode.app/Contents/Developer/usr/bin/make -f CMakeFiles/cmTC_3a38f.dir/build.make CMakeFiles/cmTC_3a38f.dir/build
Building C object CMakeFiles/cmTC_3a38f.dir/CheckFunctionExists.c.o
/usr/local/bin/gcc-7   -fopenmp -DCHECK_FUNCTION_EXISTS=shmat   -o CMakeFiles/cmTC_3a38f.dir/CheckFunctionExists.c.o   -c /Applications/CLion.app/Contents/bin/cmake/share/cmake-3.8/Modules/CheckFunctionExists.c
Linking C executable cmTC_3a38f
/Applications/CLion.app/Contents/bin/cmake/bin/cmake -E cmake_link_script CMakeFiles/cmTC_3a38f.dir/link.txt --verbose=1
/usr/local/bin/gcc-7  -fopenmp -DCHECK_FUNCTION_EXISTS=shmat -Wl,-search_paths_first -Wl,-headerpad_max_install_names   CMakeFiles/cmTC_3a38f.dir/CheckFunctionExists.c.o  -o cmTC_3a38f 


Determining if the function IceConnectionNumber exists in the ICE passed with the following output:
Change Dir: /Users/danielsampetethiyagu/github/RL_CS687/cpp_source_v3/build/Clion/Debug/CMakeFiles/CMakeTmp

Run Build Command:"/usr/bin/make" "cmTC_17d6d/fast"
/Applications/Xcode.app/Contents/Developer/usr/bin/make -f CMakeFiles/cmTC_17d6d.dir/build.make CMakeFiles/cmTC_17d6d.dir/build
Building C object CMakeFiles/cmTC_17d6d.dir/CheckFunctionExists.c.o
/usr/local/bin/gcc-7   -fopenmp -DCHECK_FUNCTION_EXISTS=IceConnectionNumber   -o CMakeFiles/cmTC_17d6d.dir/CheckFunctionExists.c.o   -c /Applications/CLion.app/Contents/bin/cmake/share/cmake-3.8/Modules/CheckFunctionExists.c
Linking C executable cmTC_17d6d
/Applications/CLion.app/Contents/bin/cmake/bin/cmake -E cmake_link_script CMakeFiles/cmTC_17d6d.dir/link.txt --verbose=1
/usr/local/bin/gcc-7  -fopenmp -DCHECK_FUNCTION_EXISTS=IceConnectionNumber -Wl,-search_paths_first -Wl,-headerpad_max_install_names   CMakeFiles/cmTC_17d6d.dir/CheckFunctionExists.c.o  -o cmTC_17d6d  -L/usr/X11R6/lib -Wl,-rpath,/usr/X11R6/lib -lICE 


